Fri 05 May 2017 11:46:20,72.71
Fri 05 May 2017 11:46:31,72.71
Fri 05 May 2017 11:46:42,72.71
Fri 05 May 2017 11:46:53,72.71
Fri 05 May 2017 11:47:04,72.71
Fri 05 May 2017 11:47:15,72.71
Fri 05 May 2017 11:47:26,72.71
Fri 05 May 2017 11:47:38,72.84
Fri 05 May 2017 11:47:49,72.84
Fri 05 May 2017 11:48:00,72.95
Fri 05 May 2017 11:48:11,72.95
Fri 05 May 2017 11:48:22,73.05
Fri 05 May 2017 11:48:33,73.16
Fri 05 May 2017 11:48:44,73.40
Fri 05 May 2017 11:48:55,73.74
Fri 05 May 2017 11:49:06,74.19
Fri 05 May 2017 11:49:17,74.51
Fri 05 May 2017 11:49:28,74.85
Fri 05 May 2017 11:49:39,75.20
Fri 05 May 2017 11:49:50,75.65
Fri 05 May 2017 11:50:01,76.55
Fri 05 May 2017 11:50:12,77.10
Fri 05 May 2017 11:50:23,77.66
Fri 05 May 2017 11:50:34,78.35
Fri 05 May 2017 11:50:45,79.25
Fri 05 May 2017 11:50:56,80.04
Fri 05 May 2017 11:51:07,81.05
Fri 05 May 2017 11:51:18,82.05
Fri 05 May 2017 11:51:29,83.40
Fri 05 May 2017 11:51:40,85.10
Fri 05 May 2017 11:51:51,86.45
Fri 05 May 2017 11:52:02,87.69
Fri 05 May 2017 11:52:13,89.15
Fri 05 May 2017 11:52:24,91.40
Fri 05 May 2017 11:52:35,92.85
Fri 05 May 2017 11:52:46,95.34
Fri 05 May 2017 11:52:57,97.14
Fri 05 May 2017 11:53:08,98.94
Fri 05 May 2017 11:53:19,100.40
Fri 05 May 2017 11:53:31,101.98
Fri 05 May 2017 11:53:42,103.78
Fri 05 May 2017 11:53:53,105.58
Fri 05 May 2017 11:54:04,106.80
Fri 05 May 2017 11:54:15,107.83
Fri 05 May 2017 11:54:26,109.18
Fri 05 May 2017 11:54:37,110.85
Fri 05 May 2017 11:54:48,112.89
Fri 05 May 2017 11:54:59,115.25
Fri 05 May 2017 11:55:10,117.73
Fri 05 May 2017 11:55:21,119.53
Fri 05 May 2017 11:55:32,122.23
Fri 05 May 2017 11:55:43,124.25
Fri 05 May 2017 11:55:54,125.94
Fri 05 May 2017 11:56:05,128.19
Fri 05 May 2017 11:56:16,131.79
Fri 05 May 2017 11:56:27,134.04
Fri 05 May 2017 11:56:38,136.18
Fri 05 May 2017 11:56:49,138.09
Fri 05 May 2017 11:57:00,140.68
Fri 05 May 2017 11:57:11,142.93
Fri 05 May 2017 11:57:22,145.40
Fri 05 May 2017 11:57:33,147.65
Fri 05 May 2017 11:57:44,150.00
Fri 05 May 2017 11:57:55,152.04
Fri 05 May 2017 11:58:06,153.50
Fri 05 May 2017 11:58:17,155.51
Fri 05 May 2017 11:58:28,157.44
Fri 05 May 2017 11:58:39,159.56
Fri 05 May 2017 11:58:51,161.60
Fri 05 May 2017 11:59:02,163.74
Fri 05 May 2017 11:59:13,165.75
Fri 05 May 2017 11:59:24,167.79
Fri 05 May 2017 11:59:35,170.25
Fri 05 May 2017 11:59:46,171.60
Fri 05 May 2017 11:59:57,172.50
Fri 05 May 2017 12:00:08,173.64
Fri 05 May 2017 12:00:19,174.09
Fri 05 May 2017 12:00:30,174.30
Fri 05 May 2017 12:00:41,174.54
Fri 05 May 2017 12:00:52,174.54
Fri 05 May 2017 12:01:03,174.86
Fri 05 May 2017 12:01:14,175.20
Fri 05 May 2017 12:01:25,175.31
Fri 05 May 2017 12:01:36,175.55
Fri 05 May 2017 12:01:47,175.55
Fri 05 May 2017 12:01:58,175.76
Fri 05 May 2017 12:02:09,175.89
Fri 05 May 2017 12:02:20,176.00
Fri 05 May 2017 12:02:31,176.00
Fri 05 May 2017 12:02:42,176.10
Fri 05 May 2017 12:02:53,176.10
Fri 05 May 2017 12:03:04,176.10
Fri 05 May 2017 12:03:15,176.00
Fri 05 May 2017 12:03:26,176.10
Fri 05 May 2017 12:03:37,176.21
Fri 05 May 2017 12:03:48,176.10
Fri 05 May 2017 12:03:59,176.21
Fri 05 May 2017 12:04:10,176.21
Fri 05 May 2017 12:04:21,176.21
Fri 05 May 2017 12:04:32,176.10
Fri 05 May 2017 12:04:43,176.00
Fri 05 May 2017 12:04:54,176.10
Fri 05 May 2017 12:05:06,176.34
Fri 05 May 2017 12:05:17,176.34
Fri 05 May 2017 12:05:28,176.34
Fri 05 May 2017 12:05:39,176.34
Fri 05 May 2017 12:05:50,176.10
Fri 05 May 2017 12:06:01,176.00
Fri 05 May 2017 12:06:12,176.00
Fri 05 May 2017 12:06:23,176.00
Fri 05 May 2017 12:06:34,175.89
Fri 05 May 2017 12:06:45,176.00
Fri 05 May 2017 12:06:56,175.89
Fri 05 May 2017 12:07:07,175.89
Fri 05 May 2017 12:07:18,176.00
Fri 05 May 2017 12:07:29,176.00
Fri 05 May 2017 12:07:40,176.00
Fri 05 May 2017 12:07:51,176.00
Fri 05 May 2017 12:08:02,176.00
Fri 05 May 2017 12:08:13,176.00
Fri 05 May 2017 12:08:24,175.89
Fri 05 May 2017 12:08:35,175.89
Fri 05 May 2017 12:08:46,175.89
Fri 05 May 2017 12:08:57,175.89
Fri 05 May 2017 12:09:08,176.00
Fri 05 May 2017 12:09:19,176.00
Fri 05 May 2017 12:09:30,176.00
Fri 05 May 2017 12:09:41,176.10
Fri 05 May 2017 12:09:53,175.89
Fri 05 May 2017 12:10:04,176.00
Fri 05 May 2017 12:10:15,176.00
Fri 05 May 2017 12:10:26,176.00
Fri 05 May 2017 12:10:37,176.00
Fri 05 May 2017 12:10:48,176.00
Fri 05 May 2017 12:10:59,176.00
Fri 05 May 2017 12:11:10,175.89
Fri 05 May 2017 12:11:21,176.00
Fri 05 May 2017 12:11:32,176.10
Fri 05 May 2017 12:11:43,176.10
Fri 05 May 2017 12:11:54,176.10
Fri 05 May 2017 12:12:05,176.10
Fri 05 May 2017 12:12:16,176.00
Fri 05 May 2017 12:12:27,176.10
Fri 05 May 2017 12:12:38,176.21
Fri 05 May 2017 12:12:49,176.21
Fri 05 May 2017 12:13:00,176.21
Fri 05 May 2017 12:13:11,176.34
Fri 05 May 2017 12:13:22,176.21
Fri 05 May 2017 12:13:33,176.21
Fri 05 May 2017 12:13:44,176.34
Fri 05 May 2017 12:13:55,176.10
Fri 05 May 2017 12:14:06,176.21
Fri 05 May 2017 12:14:17,176.21
Fri 05 May 2017 12:14:28,176.34
Fri 05 May 2017 12:14:39,176.00
Fri 05 May 2017 12:14:50,176.10
Fri 05 May 2017 12:15:01,176.34
Fri 05 May 2017 12:15:12,176.34
Fri 05 May 2017 12:15:23,176.34
Fri 05 May 2017 12:15:34,176.10
Fri 05 May 2017 12:15:45,176.34
Fri 05 May 2017 12:15:56,176.34
Fri 05 May 2017 12:16:08,176.21
Fri 05 May 2017 12:16:19,176.34
Fri 05 May 2017 12:16:30,176.21
Fri 05 May 2017 12:16:41,176.34
Fri 05 May 2017 12:16:52,176.10
Fri 05 May 2017 12:17:03,176.21
Fri 05 May 2017 12:17:14,176.21
Fri 05 May 2017 12:17:25,176.10
Fri 05 May 2017 12:17:36,176.34
Fri 05 May 2017 12:17:47,176.45
Fri 05 May 2017 12:17:58,176.34
Fri 05 May 2017 12:18:09,176.55
Fri 05 May 2017 12:18:20,176.55
Fri 05 May 2017 12:18:31,176.34
Fri 05 May 2017 12:18:42,176.55
Fri 05 May 2017 12:18:53,176.55
Fri 05 May 2017 12:19:04,176.45
Fri 05 May 2017 12:19:15,176.45
Fri 05 May 2017 12:19:26,176.45
Fri 05 May 2017 12:19:37,176.55
Fri 05 May 2017 12:19:48,176.45
Fri 05 May 2017 12:19:59,176.55
Fri 05 May 2017 12:20:11,176.66
Fri 05 May 2017 12:20:22,176.55
Fri 05 May 2017 12:20:33,176.66
Fri 05 May 2017 12:20:44,176.66
Fri 05 May 2017 12:20:55,176.79
Fri 05 May 2017 12:21:06,176.66
Fri 05 May 2017 12:21:17,176.79
Fri 05 May 2017 12:21:28,176.90
Fri 05 May 2017 12:21:39,176.55
Fri 05 May 2017 12:21:50,176.45
Fri 05 May 2017 12:22:01,176.45
Fri 05 May 2017 12:22:12,176.55
Fri 05 May 2017 12:22:23,176.79
Fri 05 May 2017 12:22:34,177.11
Fri 05 May 2017 12:22:45,177.11
Fri 05 May 2017 12:22:56,177.11
Fri 05 May 2017 12:23:07,177.11
Fri 05 May 2017 12:23:18,177.00
Fri 05 May 2017 12:23:29,177.24
Fri 05 May 2017 12:23:40,177.45
Fri 05 May 2017 12:23:51,177.56
Fri 05 May 2017 12:24:02,177.24
Fri 05 May 2017 12:24:13,177.35
Fri 05 May 2017 12:24:24,177.45
Fri 05 May 2017 12:24:35,177.56
Fri 05 May 2017 12:24:46,177.69
Fri 05 May 2017 12:24:57,177.56
Fri 05 May 2017 12:25:08,177.35
Fri 05 May 2017 12:25:19,177.11
Fri 05 May 2017 12:25:30,177.11
Fri 05 May 2017 12:25:41,177.11
Fri 05 May 2017 12:25:52,177.35
Fri 05 May 2017 12:26:03,177.11
Fri 05 May 2017 12:26:14,176.34
Fri 05 May 2017 12:26:25,175.44
Fri 05 May 2017 12:26:36,176.21
Fri 05 May 2017 12:26:47,176.79
Fri 05 May 2017 12:26:58,177.24
Fri 05 May 2017 12:27:10,177.00
Fri 05 May 2017 12:27:21,177.00
Fri 05 May 2017 12:27:32,177.11
Fri 05 May 2017 12:27:43,177.24
Fri 05 May 2017 12:27:54,177.24
Fri 05 May 2017 12:28:05,177.35
Fri 05 May 2017 12:28:16,177.45
Fri 05 May 2017 12:28:27,177.45
Fri 05 May 2017 12:28:38,177.56
Fri 05 May 2017 12:28:49,177.56
Fri 05 May 2017 12:29:00,177.56
Fri 05 May 2017 12:29:11,177.69
Fri 05 May 2017 12:29:22,177.69
Fri 05 May 2017 12:29:33,177.56
Fri 05 May 2017 12:29:44,177.56
Fri 05 May 2017 12:29:55,177.69
Fri 05 May 2017 12:30:06,177.80
Fri 05 May 2017 12:30:17,177.80
Fri 05 May 2017 12:30:28,177.80
Fri 05 May 2017 12:30:39,177.80
Fri 05 May 2017 12:30:50,177.69
Fri 05 May 2017 12:31:01,177.69
Fri 05 May 2017 12:31:12,177.90
Fri 05 May 2017 12:31:23,177.90
Fri 05 May 2017 12:31:34,177.90
Fri 05 May 2017 12:31:45,177.90
Fri 05 May 2017 12:31:57,177.80
Fri 05 May 2017 12:32:08,177.90
Fri 05 May 2017 12:32:19,178.01
Fri 05 May 2017 12:32:30,178.01
Fri 05 May 2017 12:32:41,178.01
Fri 05 May 2017 12:32:52,178.14
Fri 05 May 2017 12:33:03,178.14
Fri 05 May 2017 12:33:14,178.25
Fri 05 May 2017 12:33:25,178.25
Fri 05 May 2017 12:33:36,178.35
Fri 05 May 2017 12:33:47,178.25
Fri 05 May 2017 12:33:58,178.35
Fri 05 May 2017 12:34:09,178.35
Fri 05 May 2017 12:34:20,178.25
Fri 05 May 2017 12:34:31,178.35
Fri 05 May 2017 12:34:42,178.14
Fri 05 May 2017 12:34:53,178.14
Fri 05 May 2017 12:35:04,177.90
Fri 05 May 2017 12:35:15,178.01
Fri 05 May 2017 12:35:26,178.01
Fri 05 May 2017 12:35:37,178.01
Fri 05 May 2017 12:35:48,178.14
Fri 05 May 2017 12:35:59,178.01
Fri 05 May 2017 12:36:10,177.90
Fri 05 May 2017 12:36:21,177.45
Fri 05 May 2017 12:36:32,177.80
Fri 05 May 2017 12:36:43,178.25
Fri 05 May 2017 12:36:54,178.35
Fri 05 May 2017 12:37:05,178.35
Fri 05 May 2017 12:37:17,178.35
Fri 05 May 2017 12:37:28,178.35
Fri 05 May 2017 12:37:39,178.25
Fri 05 May 2017 12:37:50,178.14
Fri 05 May 2017 12:38:01,178.35
Fri 05 May 2017 12:38:12,178.46
Fri 05 May 2017 12:38:23,178.59
Fri 05 May 2017 12:38:34,178.59
Fri 05 May 2017 12:38:45,178.70
Fri 05 May 2017 12:38:56,178.70
Fri 05 May 2017 12:39:07,178.59
Fri 05 May 2017 12:39:18,178.70
Fri 05 May 2017 12:39:29,178.59
Fri 05 May 2017 12:39:40,178.59
Fri 05 May 2017 12:39:51,178.46
Fri 05 May 2017 12:40:02,178.59
Fri 05 May 2017 12:40:13,178.59
Fri 05 May 2017 12:40:24,178.59
Fri 05 May 2017 12:40:35,178.70
Fri 05 May 2017 12:40:46,178.70
Fri 05 May 2017 12:40:57,178.70
Fri 05 May 2017 12:41:08,178.91
Fri 05 May 2017 12:41:19,179.15
Fri 05 May 2017 12:41:30,179.15
Fri 05 May 2017 12:41:41,179.25
Fri 05 May 2017 12:41:53,179.36
Fri 05 May 2017 12:42:04,179.36
Fri 05 May 2017 12:42:15,179.36
Fri 05 May 2017 12:42:26,179.49
Fri 05 May 2017 12:42:37,179.60
Fri 05 May 2017 12:42:48,179.70
Fri 05 May 2017 12:42:59,179.60
Fri 05 May 2017 12:43:10,179.81
Fri 05 May 2017 12:43:21,179.94
Fri 05 May 2017 12:43:32,179.94
Fri 05 May 2017 12:43:43,180.05
Fri 05 May 2017 12:43:54,180.15
Fri 05 May 2017 12:44:05,180.26
Fri 05 May 2017 12:44:16,180.15
Fri 05 May 2017 12:44:27,180.26
Fri 05 May 2017 12:44:38,180.39
Fri 05 May 2017 12:44:49,180.60
Fri 05 May 2017 12:45:00,180.60
Fri 05 May 2017 12:45:11,180.71
Fri 05 May 2017 12:45:22,180.71
Fri 05 May 2017 12:45:33,180.84
Fri 05 May 2017 12:45:44,180.84
Fri 05 May 2017 12:45:55,180.84
Fri 05 May 2017 12:46:06,181.05
Fri 05 May 2017 12:46:17,181.05
Fri 05 May 2017 12:46:28,180.95
Fri 05 May 2017 12:46:39,180.95
Fri 05 May 2017 12:46:50,181.05
Fri 05 May 2017 12:47:01,181.16
Fri 05 May 2017 12:47:12,181.16
Fri 05 May 2017 12:47:24,181.16
Fri 05 May 2017 12:47:35,181.50
Fri 05 May 2017 12:47:46,181.61
Fri 05 May 2017 12:47:57,181.40
Fri 05 May 2017 12:48:08,181.61
Fri 05 May 2017 12:48:19,181.74
Fri 05 May 2017 12:48:30,181.74
Fri 05 May 2017 12:48:41,181.74
Fri 05 May 2017 12:48:52,181.74
Fri 05 May 2017 12:49:03,181.85
Fri 05 May 2017 12:49:14,182.06
Fri 05 May 2017 12:49:25,182.30
Fri 05 May 2017 12:49:36,182.30
Fri 05 May 2017 12:49:47,182.40
Fri 05 May 2017 12:49:58,182.40
Fri 05 May 2017 12:50:09,182.51
Fri 05 May 2017 12:50:20,182.64
Fri 05 May 2017 12:50:31,182.75
Fri 05 May 2017 12:50:42,182.75
Fri 05 May 2017 12:50:53,182.85
Fri 05 May 2017 12:51:04,182.96
Fri 05 May 2017 12:51:15,182.85
Fri 05 May 2017 12:51:26,182.75
Fri 05 May 2017 12:51:37,182.85
Fri 05 May 2017 12:51:48,182.85
Fri 05 May 2017 12:51:59,182.85
Fri 05 May 2017 12:52:10,182.85
Fri 05 May 2017 12:52:21,182.96
Fri 05 May 2017 12:52:32,183.09
Fri 05 May 2017 12:52:43,183.20
Fri 05 May 2017 12:52:54,183.20
Fri 05 May 2017 12:53:06,183.30
Fri 05 May 2017 12:53:17,183.30
Fri 05 May 2017 12:53:28,183.54
Fri 05 May 2017 12:53:39,183.65
Fri 05 May 2017 12:53:50,183.75
Fri 05 May 2017 12:54:01,183.75
Fri 05 May 2017 12:54:12,183.86
Fri 05 May 2017 12:54:23,183.99
Fri 05 May 2017 12:54:34,184.10
Fri 05 May 2017 12:54:45,183.86
Fri 05 May 2017 12:54:56,184.10
Fri 05 May 2017 12:55:07,184.31
Fri 05 May 2017 12:55:18,184.31
Fri 05 May 2017 12:55:29,184.44
Fri 05 May 2017 12:55:40,184.89
Fri 05 May 2017 12:55:51,185.10
Fri 05 May 2017 12:56:02,185.21
Fri 05 May 2017 12:56:13,185.45
Fri 05 May 2017 12:56:24,185.21
Fri 05 May 2017 12:56:35,185.21
Fri 05 May 2017 12:56:46,185.21
Fri 05 May 2017 12:56:57,185.21
Fri 05 May 2017 12:57:08,185.34
Fri 05 May 2017 12:57:19,185.45
Fri 05 May 2017 12:57:30,185.66
Fri 05 May 2017 12:57:41,185.90
Fri 05 May 2017 12:57:52,186.00
Fri 05 May 2017 12:58:03,186.24
Fri 05 May 2017 12:58:14,186.45
Fri 05 May 2017 12:58:25,186.11
Fri 05 May 2017 12:58:36,186.35
Fri 05 May 2017 12:58:47,186.56
Fri 05 May 2017 12:58:58,187.01
Fri 05 May 2017 12:59:10,187.14
Fri 05 May 2017 12:59:21,187.35
Fri 05 May 2017 12:59:32,187.59
Fri 05 May 2017 12:59:43,187.59
Fri 05 May 2017 12:59:54,187.80
Fri 05 May 2017 13:00:05,187.91
Fri 05 May 2017 13:00:16,188.15
Fri 05 May 2017 13:00:27,188.25
Fri 05 May 2017 13:00:38,188.49
Fri 05 May 2017 13:00:49,188.60
Fri 05 May 2017 13:01:00,188.70
Fri 05 May 2017 13:01:11,188.81
Fri 05 May 2017 13:01:22,189.05
Fri 05 May 2017 13:01:33,189.05
Fri 05 May 2017 13:01:44,189.26
Fri 05 May 2017 13:01:55,189.26
Fri 05 May 2017 13:02:06,189.60
Fri 05 May 2017 13:02:17,189.71
Fri 05 May 2017 13:02:28,189.95
Fri 05 May 2017 13:02:39,190.05
Fri 05 May 2017 13:02:50,190.29
Fri 05 May 2017 13:03:01,190.40
Fri 05 May 2017 13:03:12,190.50
Fri 05 May 2017 13:03:23,190.74
Fri 05 May 2017 13:03:34,190.85
Fri 05 May 2017 13:03:45,191.06
Fri 05 May 2017 13:03:56,191.51
Fri 05 May 2017 13:04:07,191.51
Fri 05 May 2017 13:04:18,191.64
Fri 05 May 2017 13:04:29,191.75
Fri 05 May 2017 13:04:40,191.75
Fri 05 May 2017 13:04:52,191.85
Fri 05 May 2017 13:05:03,191.96
Fri 05 May 2017 13:05:14,192.09
Fri 05 May 2017 13:05:25,192.30
Fri 05 May 2017 13:05:36,192.41
Fri 05 May 2017 13:05:47,192.54
Fri 05 May 2017 13:05:58,192.75
Fri 05 May 2017 13:06:09,192.86
Fri 05 May 2017 13:06:20,193.10
Fri 05 May 2017 13:06:31,193.20
Fri 05 May 2017 13:06:42,193.44
Fri 05 May 2017 13:06:53,193.65
Fri 05 May 2017 13:07:04,193.76
Fri 05 May 2017 13:07:15,194.00
Fri 05 May 2017 13:07:26,194.34
Fri 05 May 2017 13:07:37,194.55
Fri 05 May 2017 13:07:48,194.66
Fri 05 May 2017 13:07:59,194.79
Fri 05 May 2017 13:08:10,195.00
Fri 05 May 2017 13:08:21,195.11
Fri 05 May 2017 13:08:32,195.35
Fri 05 May 2017 13:08:43,195.56
Fri 05 May 2017 13:08:54,195.69
Fri 05 May 2017 13:09:05,195.90
Fri 05 May 2017 13:09:16,196.01
Fri 05 May 2017 13:09:27,196.25
Fri 05 May 2017 13:09:38,196.46
Fri 05 May 2017 13:09:50,196.59
Fri 05 May 2017 13:10:01,196.35
Fri 05 May 2017 13:10:12,196.70
Fri 05 May 2017 13:10:23,196.80
Fri 05 May 2017 13:10:34,197.04
Fri 05 May 2017 13:10:45,197.25
Fri 05 May 2017 13:10:56,197.36
Fri 05 May 2017 13:11:07,197.49
Fri 05 May 2017 13:11:18,197.60
Fri 05 May 2017 13:11:29,197.70
Fri 05 May 2017 13:11:40,197.81
Fri 05 May 2017 13:11:51,198.05
Fri 05 May 2017 13:12:02,198.15
Fri 05 May 2017 13:12:13,198.26
Fri 05 May 2017 13:12:24,198.50
Fri 05 May 2017 13:12:35,198.60
Fri 05 May 2017 13:12:46,198.71
Fri 05 May 2017 13:12:57,198.95
Fri 05 May 2017 13:13:08,199.05
Fri 05 May 2017 13:13:19,199.16
Fri 05 May 2017 13:13:30,199.29
Fri 05 May 2017 13:13:41,199.50
Fri 05 May 2017 13:13:52,199.50
Fri 05 May 2017 13:14:03,199.61
Fri 05 May 2017 13:14:14,199.85
Fri 05 May 2017 13:14:25,199.85
Fri 05 May 2017 13:14:36,199.95
Fri 05 May 2017 13:14:47,200.06
Fri 05 May 2017 13:14:58,199.85
Fri 05 May 2017 13:15:09,199.50
Fri 05 May 2017 13:15:20,199.16
Fri 05 May 2017 13:15:31,198.71
Fri 05 May 2017 13:15:43,198.39
Fri 05 May 2017 13:15:54,198.05
Fri 05 May 2017 13:16:05,197.60
Fri 05 May 2017 13:16:16,197.25
Fri 05 May 2017 13:16:27,196.70
Fri 05 May 2017 13:16:38,196.35
Fri 05 May 2017 13:16:49,196.01
Fri 05 May 2017 13:17:00,193.31
