Sun 28 May 2017 18:54:35,104.10
Sun 28 May 2017 18:54:46,102.75
Sun 28 May 2017 18:54:57,101.75
Sun 28 May 2017 18:55:08,100.74
Sun 28 May 2017 18:55:19,99.95
Sun 28 May 2017 18:55:30,99.39
Sun 28 May 2017 18:55:41,98.83
Sun 28 May 2017 18:55:52,97.80
Sun 28 May 2017 18:56:03,97.25
Sun 28 May 2017 18:56:14,96.80
Sun 28 May 2017 18:56:25,96.35
Sun 28 May 2017 18:56:37,96.00
Sun 28 May 2017 18:56:48,95.68
Sun 28 May 2017 18:56:59,95.34
Sun 28 May 2017 18:57:10,95.10
Sun 28 May 2017 18:57:21,94.89
Sun 28 May 2017 18:57:32,94.78
Sun 28 May 2017 18:57:43,94.65
Sun 28 May 2017 18:57:54,94.55
Sun 28 May 2017 18:58:05,94.44
Sun 28 May 2017 18:58:16,94.20
Sun 28 May 2017 18:58:27,94.10
Sun 28 May 2017 18:58:38,94.10
Sun 28 May 2017 18:58:49,93.99
Sun 28 May 2017 18:59:00,93.88
Sun 28 May 2017 18:59:11,93.88
Sun 28 May 2017 18:59:22,93.99
Sun 28 May 2017 18:59:33,93.99
Sun 28 May 2017 18:59:44,93.99
Sun 28 May 2017 18:59:55,94.10
Sun 28 May 2017 19:00:06,94.10
Sun 28 May 2017 19:00:17,94.20
Sun 28 May 2017 19:00:28,94.20
Sun 28 May 2017 19:00:39,94.44
Sun 28 May 2017 19:00:50,94.78
Sun 28 May 2017 19:01:01,95.23
Sun 28 May 2017 19:01:12,96.00
Sun 28 May 2017 19:01:23,96.00
Sun 28 May 2017 19:01:34,95.90
Sun 28 May 2017 19:01:46,96.00
Sun 28 May 2017 19:01:57,96.45
Sun 28 May 2017 19:02:08,97.14
Sun 28 May 2017 19:02:19,97.93
Sun 28 May 2017 19:02:30,98.38
Sun 28 May 2017 19:02:41,98.49
Sun 28 May 2017 19:02:52,98.49
Sun 28 May 2017 19:03:03,98.70
Sun 28 May 2017 19:03:14,98.83
Sun 28 May 2017 19:03:25,99.05
Sun 28 May 2017 19:03:36,99.28
Sun 28 May 2017 19:03:47,99.60
Sun 28 May 2017 19:03:58,99.84
Sun 28 May 2017 19:04:09,100.05
Sun 28 May 2017 19:04:20,100.40
Sun 28 May 2017 19:04:31,100.74
Sun 28 May 2017 19:04:42,101.19
Sun 28 May 2017 19:04:53,101.53
Sun 28 May 2017 19:05:04,101.85
Sun 28 May 2017 19:05:15,102.20
Sun 28 May 2017 19:05:26,102.75
Sun 28 May 2017 19:05:37,103.10
Sun 28 May 2017 19:05:48,103.44
Sun 28 May 2017 19:05:59,103.78
Sun 28 May 2017 19:06:10,104.23
Sun 28 May 2017 19:06:22,104.68
Sun 28 May 2017 19:06:33,105.00
Sun 28 May 2017 19:06:44,105.45
Sun 28 May 2017 19:06:55,106.03
Sun 28 May 2017 19:07:06,106.48
Sun 28 May 2017 19:07:17,106.93
Sun 28 May 2017 19:07:28,107.38
Sun 28 May 2017 19:07:39,107.83
Sun 28 May 2017 19:07:50,108.28
Sun 28 May 2017 19:08:01,108.73
Sun 28 May 2017 19:08:12,109.05
Sun 28 May 2017 19:08:23,109.50
Sun 28 May 2017 19:08:34,110.19
Sun 28 May 2017 19:08:45,110.85
Sun 28 May 2017 19:08:56,111.30
Sun 28 May 2017 19:09:07,111.88
Sun 28 May 2017 19:09:18,112.55
Sun 28 May 2017 19:09:29,113.10
Sun 28 May 2017 19:09:40,113.68
Sun 28 May 2017 19:09:51,114.13
Sun 28 May 2017 19:10:02,114.69
Sun 28 May 2017 19:10:13,115.48
Sun 28 May 2017 19:10:24,116.25
Sun 28 May 2017 19:10:35,116.83
Sun 28 May 2017 19:10:46,117.50
Sun 28 May 2017 19:10:57,118.18
Sun 28 May 2017 19:11:08,118.74
Sun 28 May 2017 19:11:19,119.30
Sun 28 May 2017 19:11:30,119.75
Sun 28 May 2017 19:11:42,120.30
Sun 28 May 2017 19:11:53,120.88
Sun 28 May 2017 19:12:04,121.33
Sun 28 May 2017 19:12:15,121.89
Sun 28 May 2017 19:12:26,122.45
Sun 28 May 2017 19:12:37,123.13
Sun 28 May 2017 19:12:48,123.58
Sun 28 May 2017 19:12:59,124.14
Sun 28 May 2017 19:13:10,124.80
Sun 28 May 2017 19:13:21,125.38
Sun 28 May 2017 19:13:32,126.05
Sun 28 May 2017 19:13:43,126.73
Sun 28 May 2017 19:13:54,127.40
Sun 28 May 2017 19:14:05,128.19
Sun 28 May 2017 19:14:16,128.98
Sun 28 May 2017 19:14:27,129.54
Sun 28 May 2017 19:14:38,130.10
Sun 28 May 2017 19:14:49,130.78
Sun 28 May 2017 19:15:00,131.79
Sun 28 May 2017 19:15:11,132.58
Sun 28 May 2017 19:15:22,133.14
Sun 28 May 2017 19:15:33,133.48
Sun 28 May 2017 19:15:44,133.93
Sun 28 May 2017 19:15:55,134.25
Sun 28 May 2017 19:16:06,134.94
Sun 28 May 2017 19:16:17,135.60
Sun 28 May 2017 19:16:28,136.40
Sun 28 May 2017 19:16:39,137.98
Sun 28 May 2017 19:16:50,138.88
Sun 28 May 2017 19:17:02,139.33
Sun 28 May 2017 19:17:13,139.65
Sun 28 May 2017 19:17:24,140.23
Sun 28 May 2017 19:17:35,140.79
Sun 28 May 2017 19:17:46,141.35
Sun 28 May 2017 19:17:57,141.80
Sun 28 May 2017 19:18:08,142.35
Sun 28 May 2017 19:18:19,142.93
Sun 28 May 2017 19:18:30,143.70
Sun 28 May 2017 19:18:41,144.28
Sun 28 May 2017 19:18:52,144.60
Sun 28 May 2017 19:19:03,145.63
Sun 28 May 2017 19:19:14,146.64
Sun 28 May 2017 19:19:25,147.54
Sun 28 May 2017 19:19:36,147.75
Sun 28 May 2017 19:19:47,148.20
Sun 28 May 2017 19:19:58,148.89
Sun 28 May 2017 19:20:09,149.55
Sun 28 May 2017 19:20:20,150.24
Sun 28 May 2017 19:20:31,151.14
Sun 28 May 2017 19:20:42,152.70
Sun 28 May 2017 19:20:53,153.50
Sun 28 May 2017 19:21:04,154.16
Sun 28 May 2017 19:21:15,154.50
Sun 28 May 2017 19:21:26,154.29
Sun 28 May 2017 19:21:37,154.61
Sun 28 May 2017 19:21:48,155.19
Sun 28 May 2017 19:21:59,155.75
Sun 28 May 2017 19:22:10,156.54
Sun 28 May 2017 19:22:22,157.31
Sun 28 May 2017 19:22:33,158.00
Sun 28 May 2017 19:22:44,158.90
Sun 28 May 2017 19:22:55,159.69
Sun 28 May 2017 19:23:06,161.04
Sun 28 May 2017 19:23:17,161.25
Sun 28 May 2017 19:23:28,161.25
Sun 28 May 2017 19:23:39,161.81
Sun 28 May 2017 19:23:50,162.60
Sun 28 May 2017 19:24:01,163.29
Sun 28 May 2017 19:24:12,164.19
Sun 28 May 2017 19:24:23,164.75
Sun 28 May 2017 19:24:34,165.41
Sun 28 May 2017 19:24:45,165.75
Sun 28 May 2017 19:24:56,166.31
Sun 28 May 2017 19:25:07,167.00
Sun 28 May 2017 19:25:18,167.55
Sun 28 May 2017 19:25:29,168.35
Sun 28 May 2017 19:25:40,169.01
Sun 28 May 2017 19:25:51,169.46
Sun 28 May 2017 19:26:02,170.25
Sun 28 May 2017 19:26:13,171.15
Sun 28 May 2017 19:26:24,171.71
Sun 28 May 2017 19:26:35,172.50
Sun 28 May 2017 19:26:47,173.06
Sun 28 May 2017 19:26:58,173.85
Sun 28 May 2017 19:27:09,174.30
Sun 28 May 2017 19:27:20,174.99
Sun 28 May 2017 19:27:31,176.10
Sun 28 May 2017 19:27:42,176.79
Sun 28 May 2017 19:27:53,178.01
Sun 28 May 2017 19:28:04,178.80
Sun 28 May 2017 19:28:15,179.25
Sun 28 May 2017 19:28:26,179.70
Sun 28 May 2017 19:28:37,180.60
Sun 28 May 2017 19:28:48,181.16
Sun 28 May 2017 19:28:59,181.74
Sun 28 May 2017 19:29:10,182.19
Sun 28 May 2017 19:29:21,183.30
Sun 28 May 2017 19:29:32,184.44
Sun 28 May 2017 19:29:43,184.89
Sun 28 May 2017 19:29:54,185.66
Sun 28 May 2017 19:30:05,186.45
Sun 28 May 2017 19:30:16,187.14
Sun 28 May 2017 19:30:27,187.59
Sun 28 May 2017 19:30:38,187.80
Sun 28 May 2017 19:30:49,188.49
Sun 28 May 2017 19:31:00,189.26
Sun 28 May 2017 19:31:11,189.50
Sun 28 May 2017 19:31:23,189.84
Sun 28 May 2017 19:31:34,190.05
Sun 28 May 2017 19:31:45,190.40
Sun 28 May 2017 19:31:56,190.50
Sun 28 May 2017 19:32:07,190.61
Sun 28 May 2017 19:32:18,190.74
Sun 28 May 2017 19:32:29,190.85
Sun 28 May 2017 19:32:40,190.74
Sun 28 May 2017 19:32:51,190.85
Sun 28 May 2017 19:33:02,190.95
Sun 28 May 2017 19:33:13,191.06
Sun 28 May 2017 19:33:24,190.95
Sun 28 May 2017 19:33:35,190.95
Sun 28 May 2017 19:33:46,190.95
Sun 28 May 2017 19:33:57,191.06
Sun 28 May 2017 19:34:08,191.40
Sun 28 May 2017 19:34:19,191.51
Sun 28 May 2017 19:34:30,191.51
Sun 28 May 2017 19:34:41,191.51
Sun 28 May 2017 19:34:52,191.51
Sun 28 May 2017 19:35:03,191.51
Sun 28 May 2017 19:35:14,191.51
Sun 28 May 2017 19:35:25,191.51
Sun 28 May 2017 19:35:36,191.51
Sun 28 May 2017 19:35:47,191.64
Sun 28 May 2017 19:35:59,191.85
Sun 28 May 2017 19:36:10,191.96
Sun 28 May 2017 19:36:21,191.96
Sun 28 May 2017 19:36:32,191.96
Sun 28 May 2017 19:36:43,191.96
Sun 28 May 2017 19:36:54,191.96
Sun 28 May 2017 19:37:05,191.96
Sun 28 May 2017 19:37:16,192.09
Sun 28 May 2017 19:37:27,191.96
Sun 28 May 2017 19:37:38,192.09
Sun 28 May 2017 19:37:49,192.09
Sun 28 May 2017 19:38:00,192.20
Sun 28 May 2017 19:38:11,192.30
Sun 28 May 2017 19:38:22,192.30
Sun 28 May 2017 19:38:33,192.30
Sun 28 May 2017 19:38:44,192.30
Sun 28 May 2017 19:38:55,192.41
Sun 28 May 2017 19:39:06,192.41
Sun 28 May 2017 19:39:17,192.41
Sun 28 May 2017 19:39:28,192.54
Sun 28 May 2017 19:39:39,192.54
Sun 28 May 2017 19:39:50,192.65
Sun 28 May 2017 19:40:01,192.75
Sun 28 May 2017 19:40:12,192.86
Sun 28 May 2017 19:40:23,192.86
Sun 28 May 2017 19:40:34,192.86
Sun 28 May 2017 19:40:45,192.99
Sun 28 May 2017 19:40:57,192.99
Sun 28 May 2017 19:41:08,192.99
Sun 28 May 2017 19:41:19,193.20
Sun 28 May 2017 19:41:30,193.20
Sun 28 May 2017 19:41:41,193.20
Sun 28 May 2017 19:41:52,193.20
Sun 28 May 2017 19:42:03,193.31
Sun 28 May 2017 19:42:14,193.20
Sun 28 May 2017 19:42:25,193.31
Sun 28 May 2017 19:42:36,193.31
Sun 28 May 2017 19:42:47,193.44
Sun 28 May 2017 19:42:58,193.44
Sun 28 May 2017 19:43:09,193.55
Sun 28 May 2017 19:43:20,193.65
Sun 28 May 2017 19:43:31,193.65
Sun 28 May 2017 19:43:42,193.76
Sun 28 May 2017 19:43:53,193.89
Sun 28 May 2017 19:44:04,193.89
Sun 28 May 2017 19:44:15,194.00
Sun 28 May 2017 19:44:26,194.00
Sun 28 May 2017 19:44:38,194.00
Sun 28 May 2017 19:44:49,194.00
Sun 28 May 2017 19:45:00,194.10
Sun 28 May 2017 19:45:11,194.21
Sun 28 May 2017 19:45:22,194.34
Sun 28 May 2017 19:45:33,194.34
Sun 28 May 2017 19:45:44,194.34
Sun 28 May 2017 19:45:55,194.45
Sun 28 May 2017 19:46:06,194.45
Sun 28 May 2017 19:46:17,194.45
Sun 28 May 2017 19:46:28,194.55
Sun 28 May 2017 19:46:39,194.55
Sun 28 May 2017 19:46:50,194.66
Sun 28 May 2017 19:47:01,194.79
Sun 28 May 2017 19:47:12,194.79
Sun 28 May 2017 19:47:23,194.90
Sun 28 May 2017 19:47:34,194.90
Sun 28 May 2017 19:47:45,195.00
Sun 28 May 2017 19:47:56,195.11
Sun 28 May 2017 19:48:07,195.11
Sun 28 May 2017 19:48:18,195.11
Sun 28 May 2017 19:48:29,195.24
Sun 28 May 2017 19:48:40,195.24
Sun 28 May 2017 19:48:51,195.24
Sun 28 May 2017 19:49:02,195.35
Sun 28 May 2017 19:49:13,195.35
Sun 28 May 2017 19:49:24,195.56
Sun 28 May 2017 19:49:35,195.56
Sun 28 May 2017 19:49:46,195.69
Sun 28 May 2017 19:49:58,195.80
Sun 28 May 2017 19:50:09,195.90
Sun 28 May 2017 19:50:20,195.80
Sun 28 May 2017 19:50:31,196.01
Sun 28 May 2017 19:50:42,196.01
Sun 28 May 2017 19:50:53,196.01
Sun 28 May 2017 19:51:04,196.14
Sun 28 May 2017 19:51:15,196.14
Sun 28 May 2017 19:51:26,196.14
Sun 28 May 2017 19:51:37,196.25
Sun 28 May 2017 19:51:48,196.25
Sun 28 May 2017 19:51:59,196.25
Sun 28 May 2017 19:52:10,196.35
Sun 28 May 2017 19:52:21,196.35
Sun 28 May 2017 19:52:32,196.46
Sun 28 May 2017 19:52:43,196.59
Sun 28 May 2017 19:52:54,196.59
Sun 28 May 2017 19:53:05,196.70
Sun 28 May 2017 19:53:16,196.70
Sun 28 May 2017 19:53:27,196.80
Sun 28 May 2017 19:53:38,196.80
Sun 28 May 2017 19:53:49,196.91
Sun 28 May 2017 19:54:00,196.91
Sun 28 May 2017 19:54:11,196.91
Sun 28 May 2017 19:54:22,197.04
Sun 28 May 2017 19:54:34,197.04
Sun 28 May 2017 19:54:45,197.15
Sun 28 May 2017 19:54:56,197.25
Sun 28 May 2017 19:55:07,197.25
Sun 28 May 2017 19:55:18,197.36
Sun 28 May 2017 19:55:29,197.36
Sun 28 May 2017 19:55:40,197.36
Sun 28 May 2017 19:55:51,197.49
Sun 28 May 2017 19:56:02,197.60
Sun 28 May 2017 19:56:13,197.60
Sun 28 May 2017 19:56:24,197.70
Sun 28 May 2017 19:56:35,197.70
Sun 28 May 2017 19:56:46,197.81
Sun 28 May 2017 19:56:57,197.94
Sun 28 May 2017 19:57:08,197.94
Sun 28 May 2017 19:57:19,197.94
Sun 28 May 2017 19:57:30,198.05
Sun 28 May 2017 19:57:41,198.05
Sun 28 May 2017 19:57:52,198.15
Sun 28 May 2017 19:58:03,198.15
Sun 28 May 2017 19:58:14,198.15
Sun 28 May 2017 19:58:25,198.26
Sun 28 May 2017 19:58:36,198.39
Sun 28 May 2017 19:58:47,198.39
Sun 28 May 2017 19:58:58,198.50
Sun 28 May 2017 19:59:09,198.50
Sun 28 May 2017 19:59:20,198.60
Sun 28 May 2017 19:59:31,198.60
Sun 28 May 2017 19:59:42,198.71
Sun 28 May 2017 19:59:53,198.84
Sun 28 May 2017 20:00:05,198.84
Sun 28 May 2017 20:00:16,198.84
Sun 28 May 2017 20:00:27,198.95
Sun 28 May 2017 20:00:38,198.95
Sun 28 May 2017 20:00:49,198.95
Sun 28 May 2017 20:01:00,199.05
Sun 28 May 2017 20:01:11,199.16
Sun 28 May 2017 20:01:22,199.29
Sun 28 May 2017 20:01:33,199.29
Sun 28 May 2017 20:01:44,199.40
Sun 28 May 2017 20:01:55,199.40
Sun 28 May 2017 20:02:06,199.40
Sun 28 May 2017 20:02:17,199.40
Sun 28 May 2017 20:02:28,199.50
Sun 28 May 2017 20:02:39,199.50
Sun 28 May 2017 20:02:50,199.61
Sun 28 May 2017 20:03:01,199.74
Sun 28 May 2017 20:03:12,199.74
Sun 28 May 2017 20:03:23,199.85
Sun 28 May 2017 20:03:34,199.95
Sun 28 May 2017 20:03:45,199.95
Sun 28 May 2017 20:03:56,199.95
Sun 28 May 2017 20:04:07,200.06
Sun 28 May 2017 20:04:18,200.06
Sun 28 May 2017 20:04:29,200.19
Sun 28 May 2017 20:04:40,200.19
Sun 28 May 2017 20:04:51,200.19
Sun 28 May 2017 20:05:03,200.30
Sun 28 May 2017 20:05:14,200.40
Sun 28 May 2017 20:05:25,200.40
Sun 28 May 2017 20:05:36,200.51
Sun 28 May 2017 20:05:47,200.51
Sun 28 May 2017 20:05:58,200.64
Sun 28 May 2017 20:06:09,200.64
Sun 28 May 2017 20:06:20,200.85
Sun 28 May 2017 20:06:31,200.85
Sun 28 May 2017 20:06:42,200.85
Sun 28 May 2017 20:06:53,200.96
Sun 28 May 2017 20:07:04,200.85
Sun 28 May 2017 20:07:15,200.96
Sun 28 May 2017 20:07:26,201.09
Sun 28 May 2017 20:07:37,201.20
Sun 28 May 2017 20:07:48,201.20
Sun 28 May 2017 20:07:59,201.30
Sun 28 May 2017 20:08:10,201.30
Sun 28 May 2017 20:08:21,201.30
Sun 28 May 2017 20:08:32,201.41
Sun 28 May 2017 20:08:43,201.41
Sun 28 May 2017 20:08:54,201.41
Sun 28 May 2017 20:09:05,201.54
Sun 28 May 2017 20:09:16,201.65
Sun 28 May 2017 20:09:27,201.75
Sun 28 May 2017 20:09:38,201.86
Sun 28 May 2017 20:09:49,201.86
Sun 28 May 2017 20:10:00,201.86
Sun 28 May 2017 20:10:11,201.99
Sun 28 May 2017 20:10:22,201.99
Sun 28 May 2017 20:10:34,201.99
Sun 28 May 2017 20:10:45,201.99
Sun 28 May 2017 20:10:56,202.10
Sun 28 May 2017 20:11:07,202.10
Sun 28 May 2017 20:11:18,202.20
Sun 28 May 2017 20:11:29,202.20
Sun 28 May 2017 20:11:40,202.31
Sun 28 May 2017 20:11:51,202.31
Sun 28 May 2017 20:12:02,202.31
Sun 28 May 2017 20:12:13,202.44
Sun 28 May 2017 20:12:24,202.55
Sun 28 May 2017 20:12:35,202.55
Sun 28 May 2017 20:12:46,202.65
Sun 28 May 2017 20:12:57,202.76
Sun 28 May 2017 20:13:08,202.31
Sun 28 May 2017 20:13:19,202.20
