Sat 27 May 2017 23:40:58,76.55
Sat 27 May 2017 23:41:09,76.55
Sat 27 May 2017 23:41:20,76.44
Sat 27 May 2017 23:41:31,76.31
Sat 27 May 2017 23:41:42,76.31
Sat 27 May 2017 23:41:53,76.31
Sat 27 May 2017 23:42:04,76.31
Sat 27 May 2017 23:42:15,76.31
Sat 27 May 2017 23:42:26,76.31
Sat 27 May 2017 23:42:37,76.31
Sat 27 May 2017 23:42:49,76.31
Sat 27 May 2017 23:43:00,76.31
Sat 27 May 2017 23:43:11,76.44
Sat 27 May 2017 23:43:22,76.44
Sat 27 May 2017 23:43:33,76.55
Sat 27 May 2017 23:43:44,76.55
Sat 27 May 2017 23:43:55,76.65
Sat 27 May 2017 23:44:06,76.76
Sat 27 May 2017 23:44:17,77.00
Sat 27 May 2017 23:44:28,77.00
Sat 27 May 2017 23:44:39,77.10
Sat 27 May 2017 23:44:50,77.34
Sat 27 May 2017 23:45:01,77.45
Sat 27 May 2017 23:45:12,77.66
Sat 27 May 2017 23:45:23,77.79
Sat 27 May 2017 23:45:34,77.90
Sat 27 May 2017 23:45:45,78.11
Sat 27 May 2017 23:45:56,78.45
Sat 27 May 2017 23:46:07,78.80
Sat 27 May 2017 23:46:18,79.14
Sat 27 May 2017 23:46:29,79.35
Sat 27 May 2017 23:46:40,79.46
Sat 27 May 2017 23:46:51,79.70
Sat 27 May 2017 23:47:02,79.80
Sat 27 May 2017 23:47:14,80.25
Sat 27 May 2017 23:47:25,80.60
Sat 27 May 2017 23:47:36,80.81
Sat 27 May 2017 23:47:47,81.15
Sat 27 May 2017 23:47:58,81.50
Sat 27 May 2017 23:48:09,81.84
Sat 27 May 2017 23:48:20,82.16
Sat 27 May 2017 23:48:31,82.50
Sat 27 May 2017 23:48:42,82.95
Sat 27 May 2017 23:48:53,83.51
Sat 27 May 2017 23:49:04,83.96
Sat 27 May 2017 23:49:15,84.54
Sat 27 May 2017 23:49:26,84.99
Sat 27 May 2017 23:49:37,85.44
Sat 27 May 2017 23:49:48,85.89
Sat 27 May 2017 23:49:59,86.21
Sat 27 May 2017 23:50:10,86.55
Sat 27 May 2017 23:50:21,87.00
Sat 27 May 2017 23:50:32,87.56
Sat 27 May 2017 23:50:43,88.14
Sat 27 May 2017 23:50:54,88.59
Sat 27 May 2017 23:51:05,89.15
Sat 27 May 2017 23:51:16,89.49
Sat 27 May 2017 23:51:27,89.94
Sat 27 May 2017 23:51:38,90.39
Sat 27 May 2017 23:51:49,90.84
Sat 27 May 2017 23:52:00,91.40
Sat 27 May 2017 23:52:11,91.74
Sat 27 May 2017 23:52:22,92.19
Sat 27 May 2017 23:52:34,92.64
Sat 27 May 2017 23:52:45,93.43
Sat 27 May 2017 23:52:56,93.99
Sat 27 May 2017 23:53:07,94.65
Sat 27 May 2017 23:53:18,95.10
Sat 27 May 2017 23:53:29,95.79
Sat 27 May 2017 23:53:40,96.35
Sat 27 May 2017 23:53:51,96.80
Sat 27 May 2017 23:54:02,97.25
Sat 27 May 2017 23:54:13,97.80
Sat 27 May 2017 23:54:24,98.25
Sat 27 May 2017 23:54:35,98.83
Sat 27 May 2017 23:54:46,99.39
Sat 27 May 2017 23:54:57,99.95
Sat 27 May 2017 23:55:08,100.50
Sat 27 May 2017 23:55:19,100.95
Sat 27 May 2017 23:55:30,101.53
Sat 27 May 2017 23:55:41,101.98
Sat 27 May 2017 23:55:52,102.54
Sat 27 May 2017 23:56:03,102.99
Sat 27 May 2017 23:56:14,103.44
Sat 27 May 2017 23:56:25,104.00
Sat 27 May 2017 23:56:36,104.55
Sat 27 May 2017 23:56:47,105.00
Sat 27 May 2017 23:56:58,105.45
Sat 27 May 2017 23:57:10,106.03
Sat 27 May 2017 23:57:21,106.48
Sat 27 May 2017 23:57:32,107.15
Sat 27 May 2017 23:57:43,107.70
Sat 27 May 2017 23:57:54,108.28
Sat 27 May 2017 23:58:05,108.84
Sat 27 May 2017 23:58:16,109.63
Sat 27 May 2017 23:58:27,110.08
Sat 27 May 2017 23:58:38,110.75
Sat 27 May 2017 23:58:49,111.43
Sat 27 May 2017 23:59:00,112.20
Sat 27 May 2017 23:59:11,112.78
Sat 27 May 2017 23:59:22,113.55
Sat 27 May 2017 23:59:33,114.35
Sat 27 May 2017 23:59:44,114.90
Sat 27 May 2017 23:59:55,115.48
Sun 28 May 2017 00:00:06,116.04
Sun 28 May 2017 00:00:17,116.70
Sun 28 May 2017 00:00:28,117.28
Sun 28 May 2017 00:00:39,117.95
Sun 28 May 2017 00:00:50,118.74
Sun 28 May 2017 00:01:02,119.40
Sun 28 May 2017 00:01:13,119.85
Sun 28 May 2017 00:01:24,120.65
Sun 28 May 2017 00:01:35,121.33
Sun 28 May 2017 00:01:46,121.89
Sun 28 May 2017 00:01:57,122.45
Sun 28 May 2017 00:02:08,123.24
Sun 28 May 2017 00:02:19,124.14
Sun 28 May 2017 00:02:30,124.80
Sun 28 May 2017 00:02:41,125.38
Sun 28 May 2017 00:02:52,125.94
Sun 28 May 2017 00:03:03,126.73
Sun 28 May 2017 00:03:14,127.40
Sun 28 May 2017 00:03:25,127.85
Sun 28 May 2017 00:03:36,128.19
Sun 28 May 2017 00:03:47,128.75
Sun 28 May 2017 00:03:58,129.75
Sun 28 May 2017 00:04:09,130.33
Sun 28 May 2017 00:04:20,131.10
Sun 28 May 2017 00:04:31,131.68
Sun 28 May 2017 00:04:42,132.00
Sun 28 May 2017 00:04:53,132.45
Sun 28 May 2017 00:05:04,132.90
Sun 28 May 2017 00:05:15,133.35
Sun 28 May 2017 00:05:26,134.15
Sun 28 May 2017 00:05:37,134.60
Sun 28 May 2017 00:05:48,135.15
Sun 28 May 2017 00:05:59,135.84
Sun 28 May 2017 00:06:10,136.74
Sun 28 May 2017 00:06:21,137.53
Sun 28 May 2017 00:06:33,137.98
Sun 28 May 2017 00:06:44,138.30
Sun 28 May 2017 00:06:55,138.88
Sun 28 May 2017 00:07:06,139.55
Sun 28 May 2017 00:07:17,140.10
Sun 28 May 2017 00:07:28,140.68
Sun 28 May 2017 00:07:39,141.24
Sun 28 May 2017 00:07:50,141.80
Sun 28 May 2017 00:08:01,142.25
Sun 28 May 2017 00:08:12,142.80
Sun 28 May 2017 00:08:23,143.25
Sun 28 May 2017 00:08:34,143.83
Sun 28 May 2017 00:08:45,144.50
Sun 28 May 2017 00:08:56,145.05
Sun 28 May 2017 00:09:07,145.85
Sun 28 May 2017 00:09:18,146.85
Sun 28 May 2017 00:09:29,147.65
Sun 28 May 2017 00:09:40,148.20
Sun 28 May 2017 00:09:51,149.00
Sun 28 May 2017 00:10:02,149.66
Sun 28 May 2017 00:10:13,150.56
Sun 28 May 2017 00:10:24,151.35
Sun 28 May 2017 00:10:35,152.04
Sun 28 May 2017 00:10:46,152.60
Sun 28 May 2017 00:10:57,153.26
Sun 28 May 2017 00:11:08,154.05
Sun 28 May 2017 00:11:20,154.61
Sun 28 May 2017 00:11:31,155.19
Sun 28 May 2017 00:11:42,155.75
Sun 28 May 2017 00:11:53,156.30
Sun 28 May 2017 00:12:04,157.10
Sun 28 May 2017 00:12:15,158.00
Sun 28 May 2017 00:12:26,158.34
Sun 28 May 2017 00:12:37,158.79
Sun 28 May 2017 00:12:48,159.35
Sun 28 May 2017 00:12:59,159.80
Sun 28 May 2017 00:13:10,160.25
Sun 28 May 2017 00:13:21,160.91
Sun 28 May 2017 00:13:32,161.60
Sun 28 May 2017 00:13:43,162.15
Sun 28 May 2017 00:13:54,162.95
Sun 28 May 2017 00:14:05,163.95
Sun 28 May 2017 00:14:16,164.30
Sun 28 May 2017 00:14:27,164.85
Sun 28 May 2017 00:14:38,165.54
Sun 28 May 2017 00:14:49,166.55
Sun 28 May 2017 00:15:00,167.10
Sun 28 May 2017 00:15:11,167.21
Sun 28 May 2017 00:15:22,167.66
Sun 28 May 2017 00:15:33,168.45
Sun 28 May 2017 00:15:44,169.35
Sun 28 May 2017 00:15:55,170.04
Sun 28 May 2017 00:16:06,170.81
Sun 28 May 2017 00:16:17,171.60
Sun 28 May 2017 00:16:29,172.50
Sun 28 May 2017 00:16:40,173.30
Sun 28 May 2017 00:16:51,174.20
Sun 28 May 2017 00:17:02,174.54
Sun 28 May 2017 00:17:13,175.44
Sun 28 May 2017 00:17:24,176.90
Sun 28 May 2017 00:17:35,176.90
Sun 28 May 2017 00:17:46,177.35
Sun 28 May 2017 00:17:57,177.90
Sun 28 May 2017 00:18:08,179.04
Sun 28 May 2017 00:18:19,179.25
Sun 28 May 2017 00:18:30,179.81
Sun 28 May 2017 00:18:41,180.84
Sun 28 May 2017 00:18:52,182.06
Sun 28 May 2017 00:19:03,182.64
Sun 28 May 2017 00:19:14,183.54
Sun 28 May 2017 00:19:25,183.86
Sun 28 May 2017 00:19:36,184.44
Sun 28 May 2017 00:19:47,185.00
Sun 28 May 2017 00:19:58,185.66
Sun 28 May 2017 00:20:09,186.56
Sun 28 May 2017 00:20:20,187.46
Sun 28 May 2017 00:20:31,188.25
Sun 28 May 2017 00:20:42,188.60
Sun 28 May 2017 00:20:53,188.81
Sun 28 May 2017 00:21:04,189.05
Sun 28 May 2017 00:21:15,189.15
Sun 28 May 2017 00:21:26,189.15
Sun 28 May 2017 00:21:37,189.26
Sun 28 May 2017 00:21:48,189.39
Sun 28 May 2017 00:22:00,189.39
Sun 28 May 2017 00:22:11,189.39
Sun 28 May 2017 00:22:22,189.39
Sun 28 May 2017 00:22:33,189.50
Sun 28 May 2017 00:22:44,189.50
Sun 28 May 2017 00:22:55,189.60
Sun 28 May 2017 00:23:06,189.60
Sun 28 May 2017 00:23:17,189.60
Sun 28 May 2017 00:23:28,189.71
Sun 28 May 2017 00:23:39,189.71
Sun 28 May 2017 00:23:50,189.71
Sun 28 May 2017 00:24:01,189.84
Sun 28 May 2017 00:24:12,189.84
Sun 28 May 2017 00:24:23,189.84
Sun 28 May 2017 00:24:34,189.95
Sun 28 May 2017 00:24:45,189.95
Sun 28 May 2017 00:24:56,189.95
Sun 28 May 2017 00:25:07,189.95
Sun 28 May 2017 00:25:18,190.05
Sun 28 May 2017 00:25:29,190.05
Sun 28 May 2017 00:25:40,190.16
Sun 28 May 2017 00:25:51,190.16
Sun 28 May 2017 00:26:02,190.16
Sun 28 May 2017 00:26:13,190.16
Sun 28 May 2017 00:26:24,190.29
Sun 28 May 2017 00:26:35,190.29
Sun 28 May 2017 00:26:47,190.40
Sun 28 May 2017 00:26:58,190.40
Sun 28 May 2017 00:27:09,190.40
Sun 28 May 2017 00:27:20,190.40
Sun 28 May 2017 00:27:31,190.50
Sun 28 May 2017 00:27:42,190.50
Sun 28 May 2017 00:27:53,190.50
Sun 28 May 2017 00:28:04,190.50
Sun 28 May 2017 00:28:15,190.61
Sun 28 May 2017 00:28:26,190.61
Sun 28 May 2017 00:28:37,190.74
Sun 28 May 2017 00:28:48,190.74
Sun 28 May 2017 00:28:59,190.74
Sun 28 May 2017 00:29:10,190.85
Sun 28 May 2017 00:29:21,190.85
Sun 28 May 2017 00:29:32,190.95
Sun 28 May 2017 00:29:43,190.95
Sun 28 May 2017 00:29:54,190.95
Sun 28 May 2017 00:30:05,190.95
Sun 28 May 2017 00:30:16,191.06
Sun 28 May 2017 00:30:27,191.06
Sun 28 May 2017 00:30:38,191.06
Sun 28 May 2017 00:30:49,191.19
Sun 28 May 2017 00:31:00,191.19
Sun 28 May 2017 00:31:11,191.19
Sun 28 May 2017 00:31:22,191.30
Sun 28 May 2017 00:31:34,191.30
Sun 28 May 2017 00:31:45,191.30
Sun 28 May 2017 00:31:56,191.40
Sun 28 May 2017 00:32:07,191.40
Sun 28 May 2017 00:32:18,191.51
Sun 28 May 2017 00:32:29,191.51
Sun 28 May 2017 00:32:40,191.51
Sun 28 May 2017 00:32:51,191.64
Sun 28 May 2017 00:33:02,191.64
Sun 28 May 2017 00:33:13,191.64
Sun 28 May 2017 00:33:24,191.64
Sun 28 May 2017 00:33:35,191.75
Sun 28 May 2017 00:33:46,191.75
Sun 28 May 2017 00:33:57,191.85
Sun 28 May 2017 00:34:08,191.85
Sun 28 May 2017 00:34:19,191.85
Sun 28 May 2017 00:34:30,191.96
Sun 28 May 2017 00:34:41,191.96
Sun 28 May 2017 00:34:52,192.09
Sun 28 May 2017 00:35:03,192.09
Sun 28 May 2017 00:35:14,192.09
Sun 28 May 2017 00:35:25,192.20
Sun 28 May 2017 00:35:36,192.20
Sun 28 May 2017 00:35:47,192.20
Sun 28 May 2017 00:35:58,192.20
Sun 28 May 2017 00:36:10,192.20
Sun 28 May 2017 00:36:21,192.30
Sun 28 May 2017 00:36:32,192.30
Sun 28 May 2017 00:36:43,192.41
Sun 28 May 2017 00:36:54,192.41
Sun 28 May 2017 00:37:05,192.54
Sun 28 May 2017 00:37:16,192.54
Sun 28 May 2017 00:37:27,192.54
Sun 28 May 2017 00:37:38,192.54
Sun 28 May 2017 00:37:49,192.54
Sun 28 May 2017 00:38:00,192.65
Sun 28 May 2017 00:38:11,192.65
Sun 28 May 2017 00:38:22,192.75
Sun 28 May 2017 00:38:33,192.75
Sun 28 May 2017 00:38:44,192.86
Sun 28 May 2017 00:38:55,192.86
Sun 28 May 2017 00:39:06,192.86
Sun 28 May 2017 00:39:17,192.86
Sun 28 May 2017 00:39:28,192.86
Sun 28 May 2017 00:39:39,192.86
Sun 28 May 2017 00:39:50,192.86
Sun 28 May 2017 00:40:01,192.99
Sun 28 May 2017 00:40:12,192.99
Sun 28 May 2017 00:40:24,193.10
Sun 28 May 2017 00:40:35,193.10
Sun 28 May 2017 00:40:46,193.10
Sun 28 May 2017 00:40:57,193.20
Sun 28 May 2017 00:41:08,193.31
Sun 28 May 2017 00:41:19,193.31
Sun 28 May 2017 00:41:30,193.44
Sun 28 May 2017 00:41:41,193.44
Sun 28 May 2017 00:41:52,193.65
Sun 28 May 2017 00:42:03,193.65
Sun 28 May 2017 00:42:14,193.76
Sun 28 May 2017 00:42:25,193.76
Sun 28 May 2017 00:42:36,193.76
Sun 28 May 2017 00:42:47,193.76
Sun 28 May 2017 00:42:58,193.76
Sun 28 May 2017 00:43:09,193.89
Sun 28 May 2017 00:43:20,194.00
Sun 28 May 2017 00:43:31,194.00
Sun 28 May 2017 00:43:42,194.00
Sun 28 May 2017 00:43:53,194.10
Sun 28 May 2017 00:44:04,194.10
Sun 28 May 2017 00:44:15,194.21
Sun 28 May 2017 00:44:26,194.21
Sun 28 May 2017 00:44:37,194.21
Sun 28 May 2017 00:44:48,194.34
Sun 28 May 2017 00:44:59,194.34
Sun 28 May 2017 00:45:10,194.34
Sun 28 May 2017 00:45:21,194.45
Sun 28 May 2017 00:45:33,194.45
Sun 28 May 2017 00:45:44,194.55
Sun 28 May 2017 00:45:55,194.66
Sun 28 May 2017 00:46:06,194.66
Sun 28 May 2017 00:46:17,194.66
Sun 28 May 2017 00:46:28,194.79
Sun 28 May 2017 00:46:39,194.79
Sun 28 May 2017 00:46:50,194.90
Sun 28 May 2017 00:47:01,194.90
Sun 28 May 2017 00:47:12,195.00
Sun 28 May 2017 00:47:23,195.00
Sun 28 May 2017 00:47:34,195.11
Sun 28 May 2017 00:47:45,195.11
Sun 28 May 2017 00:47:56,195.11
Sun 28 May 2017 00:48:07,195.11
Sun 28 May 2017 00:48:18,195.11
Sun 28 May 2017 00:48:29,195.11
Sun 28 May 2017 00:48:40,195.24
Sun 28 May 2017 00:48:51,195.24
Sun 28 May 2017 00:49:02,195.45
Sun 28 May 2017 00:49:13,195.45
Sun 28 May 2017 00:49:24,195.56
Sun 28 May 2017 00:49:35,195.56
Sun 28 May 2017 00:49:46,195.69
Sun 28 May 2017 00:49:57,195.69
Sun 28 May 2017 00:50:09,195.69
Sun 28 May 2017 00:50:20,195.80
Sun 28 May 2017 00:50:31,195.80
Sun 28 May 2017 00:50:42,195.80
Sun 28 May 2017 00:50:53,195.90
Sun 28 May 2017 00:51:04,196.01
Sun 28 May 2017 00:51:15,196.01
Sun 28 May 2017 00:51:26,196.01
Sun 28 May 2017 00:51:37,196.14
Sun 28 May 2017 00:51:48,196.25
Sun 28 May 2017 00:51:59,196.25
Sun 28 May 2017 00:52:10,196.35
Sun 28 May 2017 00:52:21,196.35
Sun 28 May 2017 00:52:32,196.35
Sun 28 May 2017 00:52:43,196.46
Sun 28 May 2017 00:52:54,196.59
Sun 28 May 2017 00:53:05,196.59
Sun 28 May 2017 00:53:16,196.59
Sun 28 May 2017 00:53:27,196.59
Sun 28 May 2017 00:53:38,196.59
Sun 28 May 2017 00:53:49,196.80
Sun 28 May 2017 00:54:00,196.80
Sun 28 May 2017 00:54:11,196.91
Sun 28 May 2017 00:54:22,196.91
Sun 28 May 2017 00:54:33,196.91
Sun 28 May 2017 00:54:44,197.04
Sun 28 May 2017 00:54:56,197.15
Sun 28 May 2017 00:55:07,197.15
Sun 28 May 2017 00:55:18,197.15
Sun 28 May 2017 00:55:29,197.25
Sun 28 May 2017 00:55:40,197.25
Sun 28 May 2017 00:55:51,197.25
Sun 28 May 2017 00:56:02,197.25
Sun 28 May 2017 00:56:13,197.36
Sun 28 May 2017 00:56:24,197.49
Sun 28 May 2017 00:56:35,197.60
Sun 28 May 2017 00:56:46,197.60
Sun 28 May 2017 00:56:57,197.70
Sun 28 May 2017 00:57:08,197.70
Sun 28 May 2017 00:57:19,197.81
Sun 28 May 2017 00:57:30,197.70
Sun 28 May 2017 00:57:41,197.81
Sun 28 May 2017 00:57:52,197.94
Sun 28 May 2017 00:58:03,197.81
Sun 28 May 2017 00:58:14,197.94
Sun 28 May 2017 00:58:25,197.94
Sun 28 May 2017 00:58:36,198.05
Sun 28 May 2017 00:58:47,198.15
Sun 28 May 2017 00:58:58,198.15
Sun 28 May 2017 00:59:09,198.26
Sun 28 May 2017 00:59:20,198.26
Sun 28 May 2017 00:59:31,198.26
Sun 28 May 2017 00:59:42,198.39
Sun 28 May 2017 00:59:53,198.50
Sun 28 May 2017 01:00:05,198.50
Sun 28 May 2017 01:00:16,198.50
Sun 28 May 2017 01:00:16,198.60
Sun 28 May 2017 01:00:27,198.71
Sun 28 May 2017 01:00:38,198.71
Sun 28 May 2017 01:00:49,198.84
Sun 28 May 2017 01:01:00,198.84
Sun 28 May 2017 01:01:11,198.95
Sun 28 May 2017 01:01:22,198.95
Sun 28 May 2017 01:01:33,199.05
Sun 28 May 2017 01:01:44,199.16
Sun 28 May 2017 01:01:55,199.16
Sun 28 May 2017 01:02:06,199.16
Sun 28 May 2017 01:02:17,199.16
Sun 28 May 2017 01:02:28,199.29
Sun 28 May 2017 01:02:39,199.40
Sun 28 May 2017 01:02:50,199.40
Sun 28 May 2017 01:03:01,199.40
Sun 28 May 2017 01:03:12,199.50
Sun 28 May 2017 01:03:24,199.50
Sun 28 May 2017 01:03:35,199.50
Sun 28 May 2017 01:03:46,199.61
Sun 28 May 2017 01:03:57,199.61
Sun 28 May 2017 01:04:08,199.61
Sun 28 May 2017 01:04:19,199.61
Sun 28 May 2017 01:04:30,199.74
Sun 28 May 2017 01:04:41,199.85
Sun 28 May 2017 01:04:52,199.85
