Fri 05 May 2017 13:27:11,81.71
Fri 05 May 2017 13:27:22,81.39
Fri 05 May 2017 13:27:33,81.05
Fri 05 May 2017 13:27:44,80.81
Fri 05 May 2017 13:27:55,80.49
Fri 05 May 2017 13:28:06,80.36
Fri 05 May 2017 13:28:17,80.15
Fri 05 May 2017 13:28:28,79.91
Fri 05 May 2017 13:28:39,79.70
Fri 05 May 2017 13:28:50,79.59
Fri 05 May 2017 13:29:01,79.35
Fri 05 May 2017 13:29:12,79.25
Fri 05 May 2017 13:29:23,79.01
Fri 05 May 2017 13:29:34,78.90
Fri 05 May 2017 13:29:45,78.80
Fri 05 May 2017 13:29:56,78.69
Fri 05 May 2017 13:30:07,78.56
Fri 05 May 2017 13:30:18,78.45
Fri 05 May 2017 13:30:29,78.35
Fri 05 May 2017 13:30:40,78.24
Fri 05 May 2017 13:30:51,78.24
Fri 05 May 2017 13:31:02,78.24
Fri 05 May 2017 13:31:14,78.35
Fri 05 May 2017 13:31:25,78.35
Fri 05 May 2017 13:31:36,78.45
Fri 05 May 2017 13:31:47,78.69
Fri 05 May 2017 13:31:58,78.80
Fri 05 May 2017 13:32:09,79.14
Fri 05 May 2017 13:32:20,79.46
Fri 05 May 2017 13:32:31,79.80
Fri 05 May 2017 13:32:42,80.25
Fri 05 May 2017 13:32:53,80.36
Fri 05 May 2017 13:33:04,80.70
Fri 05 May 2017 13:33:15,81.15
Fri 05 May 2017 13:33:26,81.84
Fri 05 May 2017 13:33:37,82.61
Fri 05 May 2017 13:33:48,83.30
Fri 05 May 2017 13:33:59,84.09
Fri 05 May 2017 13:34:10,85.10
Fri 05 May 2017 13:34:21,85.89
Fri 05 May 2017 13:34:32,86.79
Fri 05 May 2017 13:34:43,87.80
Fri 05 May 2017 13:34:54,88.80
Fri 05 May 2017 13:35:05,90.15
Fri 05 May 2017 13:35:16,91.40
Fri 05 May 2017 13:35:27,92.40
Fri 05 May 2017 13:35:38,93.30
Fri 05 May 2017 13:35:49,94.44
Fri 05 May 2017 13:36:00,95.55
Fri 05 May 2017 13:36:11,96.45
Fri 05 May 2017 13:36:22,97.48
Fri 05 May 2017 13:36:33,98.70
Fri 05 May 2017 13:36:44,99.95
Fri 05 May 2017 13:36:55,101.08
Fri 05 May 2017 13:37:06,101.85
Fri 05 May 2017 13:37:18,103.20
Fri 05 May 2017 13:37:29,104.34
Fri 05 May 2017 13:37:40,105.24
Fri 05 May 2017 13:37:51,106.25
Fri 05 May 2017 13:38:02,107.25
Fri 05 May 2017 13:38:13,108.15
Fri 05 May 2017 13:38:24,109.05
Fri 05 May 2017 13:38:35,110.19
Fri 05 May 2017 13:38:46,111.30
Fri 05 May 2017 13:38:57,112.44
Fri 05 May 2017 13:39:08,113.79
Fri 05 May 2017 13:39:19,114.80
Fri 05 May 2017 13:39:30,115.70
Fri 05 May 2017 13:39:41,116.60
Fri 05 May 2017 13:39:52,117.39
Fri 05 May 2017 13:40:03,118.40
Fri 05 May 2017 13:40:14,119.30
Fri 05 May 2017 13:40:25,120.43
Fri 05 May 2017 13:40:36,121.89
Fri 05 May 2017 13:40:47,122.55
Fri 05 May 2017 13:40:58,123.45
Fri 05 May 2017 13:41:09,124.35
Fri 05 May 2017 13:41:20,125.38
Fri 05 May 2017 13:41:31,126.60
Fri 05 May 2017 13:41:42,127.50
Fri 05 May 2017 13:41:53,128.40
Fri 05 May 2017 13:42:04,129.88
Fri 05 May 2017 13:42:16,131.45
Fri 05 May 2017 13:42:27,132.58
Fri 05 May 2017 13:42:38,133.59
Fri 05 May 2017 13:42:49,134.38
Fri 05 May 2017 13:43:00,135.73
Fri 05 May 2017 13:43:11,136.63
Fri 05 May 2017 13:43:22,137.53
Fri 05 May 2017 13:43:33,138.20
Fri 05 May 2017 13:43:44,138.75
Fri 05 May 2017 13:43:55,139.78
Fri 05 May 2017 13:44:06,140.90
Fri 05 May 2017 13:44:17,142.25
Fri 05 May 2017 13:44:28,143.25
Fri 05 May 2017 13:44:39,144.05
Fri 05 May 2017 13:44:50,144.39
Fri 05 May 2017 13:45:01,144.73
Fri 05 May 2017 13:45:12,145.63
Fri 05 May 2017 13:45:23,146.64
Fri 05 May 2017 13:45:34,147.09
Fri 05 May 2017 13:45:45,147.86
Fri 05 May 2017 13:45:56,148.55
Fri 05 May 2017 13:46:07,149.34
Fri 05 May 2017 13:46:18,149.45
Fri 05 May 2017 13:46:29,149.55
Fri 05 May 2017 13:46:40,150.11
Fri 05 May 2017 13:46:51,151.01
Fri 05 May 2017 13:47:02,152.81
Fri 05 May 2017 13:47:13,153.95
Fri 05 May 2017 13:47:24,154.40
Fri 05 May 2017 13:47:35,154.16
Fri 05 May 2017 13:47:46,154.50
Fri 05 May 2017 13:47:57,155.75
Fri 05 May 2017 13:48:08,156.86
Fri 05 May 2017 13:48:19,157.44
Fri 05 May 2017 13:48:31,158.10
Fri 05 May 2017 13:48:42,159.24
Fri 05 May 2017 13:48:53,159.90
Fri 05 May 2017 13:49:04,160.59
Fri 05 May 2017 13:49:15,161.36
Fri 05 May 2017 13:49:26,162.05
Fri 05 May 2017 13:49:37,162.50
Fri 05 May 2017 13:49:48,162.84
Fri 05 May 2017 13:49:59,163.74
Fri 05 May 2017 13:50:10,164.40
Fri 05 May 2017 13:50:21,165.09
Fri 05 May 2017 13:50:32,165.75
Fri 05 May 2017 13:50:43,166.10
Fri 05 May 2017 13:50:54,166.55
Fri 05 May 2017 13:51:05,167.34
Fri 05 May 2017 13:51:16,167.66
Fri 05 May 2017 13:51:27,168.11
Fri 05 May 2017 13:51:38,168.80
Fri 05 May 2017 13:51:49,169.01
Fri 05 May 2017 13:52:00,169.35
Fri 05 May 2017 13:52:11,170.15
Fri 05 May 2017 13:52:22,170.81
Fri 05 May 2017 13:52:33,171.15
Fri 05 May 2017 13:52:44,171.84
Fri 05 May 2017 13:52:56,172.29
Fri 05 May 2017 13:53:07,172.85
Fri 05 May 2017 13:53:18,172.85
Fri 05 May 2017 13:53:29,173.40
Fri 05 May 2017 13:53:40,174.54
Fri 05 May 2017 13:53:51,174.99
Fri 05 May 2017 13:54:02,175.44
Fri 05 May 2017 13:54:13,176.10
Fri 05 May 2017 13:54:24,176.45
Fri 05 May 2017 13:54:35,176.90
Fri 05 May 2017 13:54:46,177.24
Fri 05 May 2017 13:54:57,177.80
Fri 05 May 2017 13:55:08,178.14
Fri 05 May 2017 13:55:19,178.59
Fri 05 May 2017 13:55:30,179.15
Fri 05 May 2017 13:55:41,179.60
Fri 05 May 2017 13:55:52,179.94
Fri 05 May 2017 13:56:03,180.39
Fri 05 May 2017 13:56:14,180.95
Fri 05 May 2017 13:56:25,181.29
Fri 05 May 2017 13:56:36,181.85
Fri 05 May 2017 13:56:47,182.40
Fri 05 May 2017 13:56:58,182.85
Fri 05 May 2017 13:57:09,183.41
Fri 05 May 2017 13:57:20,183.75
Fri 05 May 2017 13:57:31,184.31
Fri 05 May 2017 13:57:42,184.89
Fri 05 May 2017 13:57:53,185.21
Fri 05 May 2017 13:58:04,185.66
Fri 05 May 2017 13:58:15,186.11
Fri 05 May 2017 13:58:26,186.35
Fri 05 May 2017 13:58:37,186.80
Fri 05 May 2017 13:58:48,187.25
Fri 05 May 2017 13:59:00,187.70
Fri 05 May 2017 13:59:11,188.49
Fri 05 May 2017 13:59:22,188.81
Fri 05 May 2017 13:59:33,189.05
Fri 05 May 2017 13:59:44,189.39
Fri 05 May 2017 13:59:55,190.05
Fri 05 May 2017 14:00:06,190.40
Fri 05 May 2017 14:00:17,190.95
Fri 05 May 2017 14:00:28,191.40
Fri 05 May 2017 14:00:39,192.09
Fri 05 May 2017 14:00:50,192.65
Fri 05 May 2017 14:01:01,193.20
Fri 05 May 2017 14:01:12,193.76
Fri 05 May 2017 14:01:23,194.21
Fri 05 May 2017 14:01:34,194.90
Fri 05 May 2017 14:01:45,195.35
Fri 05 May 2017 14:01:56,195.69
Fri 05 May 2017 14:02:07,195.90
Fri 05 May 2017 14:02:18,196.25
Fri 05 May 2017 14:02:29,196.35
Fri 05 May 2017 14:02:40,196.46
Fri 05 May 2017 14:02:51,196.59
Fri 05 May 2017 14:03:02,196.59
Fri 05 May 2017 14:03:13,196.59
Fri 05 May 2017 14:03:24,196.70
Fri 05 May 2017 14:03:35,196.70
Fri 05 May 2017 14:03:46,196.70
Fri 05 May 2017 14:03:58,196.70
Fri 05 May 2017 14:04:09,196.80
Fri 05 May 2017 14:04:20,196.70
Fri 05 May 2017 14:04:31,196.80
Fri 05 May 2017 14:04:42,196.80
Fri 05 May 2017 14:04:53,196.80
Fri 05 May 2017 14:05:04,196.91
Fri 05 May 2017 14:05:15,196.91
Fri 05 May 2017 14:05:26,196.91
Fri 05 May 2017 14:05:37,196.91
Fri 05 May 2017 14:05:48,196.46
Fri 05 May 2017 14:05:59,196.70
Fri 05 May 2017 14:06:10,196.59
Fri 05 May 2017 14:06:21,196.46
Fri 05 May 2017 14:06:32,196.46
Fri 05 May 2017 14:06:43,196.46
Fri 05 May 2017 14:06:54,196.59
Fri 05 May 2017 14:07:05,196.59
Fri 05 May 2017 14:07:16,196.59
Fri 05 May 2017 14:07:27,196.59
Fri 05 May 2017 14:07:38,196.59
Fri 05 May 2017 14:07:49,196.59
Fri 05 May 2017 14:08:00,196.80
Fri 05 May 2017 14:08:11,196.70
Fri 05 May 2017 14:08:22,196.70
Fri 05 May 2017 14:08:33,196.70
Fri 05 May 2017 14:08:44,196.80
Fri 05 May 2017 14:08:55,196.70
Fri 05 May 2017 14:09:06,196.70
Fri 05 May 2017 14:09:17,196.59
Fri 05 May 2017 14:09:29,196.80
Fri 05 May 2017 14:09:40,196.80
Fri 05 May 2017 14:09:51,196.70
Fri 05 May 2017 14:10:02,196.70
Fri 05 May 2017 14:10:13,196.80
Fri 05 May 2017 14:10:24,196.80
Fri 05 May 2017 14:10:35,196.91
Fri 05 May 2017 14:10:46,196.91
Fri 05 May 2017 14:10:57,196.80
Fri 05 May 2017 14:11:08,197.04
Fri 05 May 2017 14:11:19,196.80
Fri 05 May 2017 14:11:30,196.91
Fri 05 May 2017 14:11:41,196.91
Fri 05 May 2017 14:11:52,197.04
Fri 05 May 2017 14:12:03,196.80
Fri 05 May 2017 14:12:14,196.46
Fri 05 May 2017 14:12:25,196.35
Fri 05 May 2017 14:12:36,196.46
Fri 05 May 2017 14:12:47,196.25
Fri 05 May 2017 14:12:58,196.70
Fri 05 May 2017 14:13:09,196.59
Fri 05 May 2017 14:13:20,196.80
Fri 05 May 2017 14:13:31,196.59
Fri 05 May 2017 14:13:42,196.70
Fri 05 May 2017 14:13:53,196.46
Fri 05 May 2017 14:14:04,196.46
Fri 05 May 2017 14:14:15,196.46
Fri 05 May 2017 14:14:26,196.46
Fri 05 May 2017 14:14:37,196.46
Fri 05 May 2017 14:14:48,196.59
Fri 05 May 2017 14:15:00,196.70
Fri 05 May 2017 14:15:11,196.59
Fri 05 May 2017 14:15:22,196.70
Fri 05 May 2017 14:15:33,196.91
Fri 05 May 2017 14:15:44,196.80
Fri 05 May 2017 14:15:55,197.04
Fri 05 May 2017 14:16:06,197.04
Fri 05 May 2017 14:16:17,197.04
Fri 05 May 2017 14:16:28,197.36
Fri 05 May 2017 14:16:39,197.36
Fri 05 May 2017 14:16:50,197.60
Fri 05 May 2017 14:17:01,197.70
Fri 05 May 2017 14:17:12,197.70
Fri 05 May 2017 14:17:23,197.81
Fri 05 May 2017 14:17:34,197.60
Fri 05 May 2017 14:17:45,198.05
Fri 05 May 2017 14:17:56,197.81
Fri 05 May 2017 14:18:07,197.81
Fri 05 May 2017 14:18:18,197.81
Fri 05 May 2017 14:18:29,197.94
Fri 05 May 2017 14:18:40,198.15
Fri 05 May 2017 14:18:51,198.50
Fri 05 May 2017 14:19:02,198.39
Fri 05 May 2017 14:19:13,198.39
Fri 05 May 2017 14:19:24,198.15
Fri 05 May 2017 14:19:35,198.39
Fri 05 May 2017 14:19:46,198.39
Fri 05 May 2017 14:19:58,198.50
Fri 05 May 2017 14:20:09,198.50
Fri 05 May 2017 14:20:20,198.50
Fri 05 May 2017 14:20:31,198.39
Fri 05 May 2017 14:20:42,198.60
Fri 05 May 2017 14:20:53,198.60
Fri 05 May 2017 14:21:04,198.60
Fri 05 May 2017 14:21:15,198.71
Fri 05 May 2017 14:21:26,198.84
Fri 05 May 2017 14:21:37,198.84
Fri 05 May 2017 14:21:48,198.71
Fri 05 May 2017 14:21:59,198.95
Fri 05 May 2017 14:22:10,198.84
Fri 05 May 2017 14:22:21,198.95
Fri 05 May 2017 14:22:32,198.95
Fri 05 May 2017 14:22:43,199.05
Fri 05 May 2017 14:22:54,199.29
Fri 05 May 2017 14:23:05,199.50
Fri 05 May 2017 14:23:16,199.40
Fri 05 May 2017 14:23:27,199.40
Fri 05 May 2017 14:23:38,199.29
Fri 05 May 2017 14:23:49,199.40
Fri 05 May 2017 14:24:00,199.50
Fri 05 May 2017 14:24:11,199.61
Fri 05 May 2017 14:24:22,199.61
Fri 05 May 2017 14:24:33,199.61
Fri 05 May 2017 14:24:44,199.61
Fri 05 May 2017 14:24:55,199.85
Fri 05 May 2017 14:25:06,199.95
Fri 05 May 2017 14:25:17,199.95
Fri 05 May 2017 14:25:28,199.95
Fri 05 May 2017 14:25:39,199.95
Fri 05 May 2017 14:25:51,199.95
Fri 05 May 2017 14:26:02,200.06
Fri 05 May 2017 14:26:13,200.06
Fri 05 May 2017 14:26:24,200.06
Fri 05 May 2017 14:26:35,200.19
Fri 05 May 2017 14:26:46,200.30
Fri 05 May 2017 14:26:57,200.30
Fri 05 May 2017 14:27:08,200.40
Fri 05 May 2017 14:27:19,200.51
Fri 05 May 2017 14:27:30,200.51
Fri 05 May 2017 14:27:41,200.51
Fri 05 May 2017 14:27:52,200.64
Fri 05 May 2017 14:28:03,200.64
Fri 05 May 2017 14:28:14,200.64
Fri 05 May 2017 14:28:25,200.51
Fri 05 May 2017 14:28:36,200.64
Fri 05 May 2017 14:28:47,200.64
Fri 05 May 2017 14:28:58,200.75
Fri 05 May 2017 14:29:09,200.75
Fri 05 May 2017 14:29:20,200.75
Fri 05 May 2017 14:29:31,200.85
Fri 05 May 2017 14:29:42,200.75
Fri 05 May 2017 14:29:53,200.75
Fri 05 May 2017 14:30:04,200.75
Fri 05 May 2017 14:30:15,200.96
Fri 05 May 2017 14:30:26,200.96
Fri 05 May 2017 14:30:37,201.09
Fri 05 May 2017 14:30:48,201.20
Fri 05 May 2017 14:30:59,201.09
Fri 05 May 2017 14:31:10,201.09
Fri 05 May 2017 14:31:22,200.96
Fri 05 May 2017 14:31:33,201.09
Fri 05 May 2017 14:31:44,201.09
Fri 05 May 2017 14:31:55,201.30
Fri 05 May 2017 14:32:06,201.41
Fri 05 May 2017 14:32:17,201.41
Fri 05 May 2017 14:32:28,201.41
Fri 05 May 2017 14:32:39,201.54
Fri 05 May 2017 14:32:50,201.54
Fri 05 May 2017 14:33:01,201.65
Fri 05 May 2017 14:33:12,201.75
Fri 05 May 2017 14:33:23,201.65
Fri 05 May 2017 14:33:34,201.65
Fri 05 May 2017 14:33:45,201.65
Fri 05 May 2017 14:33:56,201.65
Fri 05 May 2017 14:34:07,201.65
Fri 05 May 2017 14:34:18,201.65
Fri 05 May 2017 14:34:29,201.75
Fri 05 May 2017 14:34:40,201.65
Fri 05 May 2017 14:34:51,201.75
Fri 05 May 2017 14:35:02,201.75
Fri 05 May 2017 14:35:13,201.86
Fri 05 May 2017 14:35:24,201.86
Fri 05 May 2017 14:35:35,201.99
Fri 05 May 2017 14:35:46,202.10
Fri 05 May 2017 14:35:57,202.20
Fri 05 May 2017 14:36:08,202.20
Fri 05 May 2017 14:36:19,202.20
Fri 05 May 2017 14:36:30,202.20
Fri 05 May 2017 14:36:42,202.20
Fri 05 May 2017 14:36:53,202.20
Fri 05 May 2017 14:37:04,202.20
Fri 05 May 2017 14:37:15,202.20
Fri 05 May 2017 14:37:26,202.31
Fri 05 May 2017 14:37:37,201.30
Fri 05 May 2017 14:37:48,201.30
Fri 05 May 2017 14:37:59,201.20
Fri 05 May 2017 14:38:10,201.41
Fri 05 May 2017 14:38:21,201.41
Fri 05 May 2017 14:38:32,201.41
Fri 05 May 2017 14:38:43,201.54
Fri 05 May 2017 14:38:54,201.54
Fri 05 May 2017 14:39:05,201.54
Fri 05 May 2017 14:39:16,201.41
Fri 05 May 2017 14:39:27,201.41
Fri 05 May 2017 14:39:38,201.41
Fri 05 May 2017 14:39:49,201.41
Fri 05 May 2017 14:40:00,201.41
Fri 05 May 2017 14:40:11,201.20
Fri 05 May 2017 14:40:22,201.09
Fri 05 May 2017 14:40:33,200.85
Fri 05 May 2017 14:40:44,200.64
Fri 05 May 2017 14:40:55,200.51
Fri 05 May 2017 14:41:06,200.30
Fri 05 May 2017 14:41:17,200.19
Fri 05 May 2017 14:41:28,199.74
Fri 05 May 2017 14:41:39,199.29
Fri 05 May 2017 14:41:51,199.05
Fri 05 May 2017 14:42:02,198.95
Fri 05 May 2017 14:42:13,198.95
Fri 05 May 2017 14:42:24,198.71
Fri 05 May 2017 14:42:35,198.26
Fri 05 May 2017 14:42:46,197.60
Fri 05 May 2017 14:42:57,197.04
Fri 05 May 2017 14:43:08,189.05
Fri 05 May 2017 14:43:19,158.10
Fri 05 May 2017 14:43:30,153.84
Fri 05 May 2017 14:43:41,149.45
Fri 05 May 2017 14:43:52,146.98
Fri 05 May 2017 14:44:03,148.31
Fri 05 May 2017 14:44:14,146.64
Fri 05 May 2017 14:44:25,143.83
Fri 05 May 2017 14:44:36,139.33
Fri 05 May 2017 14:44:47,129.43
Fri 05 May 2017 14:44:58,124.25
Fri 05 May 2017 14:45:09,121.33
Fri 05 May 2017 14:45:20,118.85
Fri 05 May 2017 14:45:31,116.60
Fri 05 May 2017 14:45:42,114.24
Fri 05 May 2017 14:45:53,112.44
Fri 05 May 2017 14:46:04,110.98
Fri 05 May 2017 14:46:15,109.63
Fri 05 May 2017 14:46:26,108.28
Fri 05 May 2017 14:46:37,103.65
Fri 05 May 2017 14:46:48,102.65
Fri 05 May 2017 14:46:59,101.64
Fri 05 May 2017 14:47:10,99.73
Fri 05 May 2017 14:47:21,96.13
Fri 05 May 2017 14:47:32,95.23
Fri 05 May 2017 14:47:43,94.55
Fri 05 May 2017 14:47:55,93.88
Fri 05 May 2017 14:48:06,92.98
Fri 05 May 2017 14:48:17,92.19
Fri 05 May 2017 14:48:28,91.50
Fri 05 May 2017 14:48:39,90.84
Fri 05 May 2017 14:48:50,90.15
Fri 05 May 2017 14:49:01,89.36
Fri 05 May 2017 14:49:12,88.80
Fri 05 May 2017 14:49:23,88.25
Fri 05 May 2017 14:49:34,87.80
Fri 05 May 2017 14:49:45,87.24
Fri 05 May 2017 14:49:56,86.79
Fri 05 May 2017 14:50:07,86.34
Fri 05 May 2017 14:50:18,86.00
Fri 05 May 2017 14:50:29,85.55
Fri 05 May 2017 14:50:40,85.20
Fri 05 May 2017 14:50:51,84.86
Fri 05 May 2017 14:51:02,84.54
Fri 05 May 2017 14:51:13,84.30
Fri 05 May 2017 14:51:24,83.96
Fri 05 May 2017 14:51:35,83.75
Fri 05 May 2017 14:51:46,83.51
Fri 05 May 2017 14:51:57,83.30
Fri 05 May 2017 14:52:08,82.95
Fri 05 May 2017 14:52:19,82.74
Fri 05 May 2017 14:52:30,82.50
Fri 05 May 2017 14:52:41,82.29
Fri 05 May 2017 14:52:53,82.05
Fri 05 May 2017 14:53:04,81.84
Fri 05 May 2017 14:53:15,81.60
Fri 05 May 2017 14:53:26,81.39
Fri 05 May 2017 14:53:37,81.26
Fri 05 May 2017 14:53:48,80.94
Fri 05 May 2017 14:53:59,80.49
Fri 05 May 2017 14:54:10,79.91
Fri 05 May 2017 14:54:21,79.70
Fri 05 May 2017 14:54:32,79.25
