Sun 28 May 2017 21:15:32,116.38
Sun 28 May 2017 21:15:43,115.03
Sun 28 May 2017 21:15:54,113.90
Sun 28 May 2017 21:16:05,112.44
Sun 28 May 2017 21:16:16,111.30
Sun 28 May 2017 21:16:27,110.30
Sun 28 May 2017 21:16:38,109.40
Sun 28 May 2017 21:16:49,108.15
Sun 28 May 2017 21:17:00,107.25
Sun 28 May 2017 21:17:11,106.35
Sun 28 May 2017 21:17:22,105.58
Sun 28 May 2017 21:17:33,104.68
Sun 28 May 2017 21:17:44,103.89
Sun 28 May 2017 21:17:55,103.20
Sun 28 May 2017 21:18:06,102.65
Sun 28 May 2017 21:18:17,101.98
Sun 28 May 2017 21:18:28,101.30
Sun 28 May 2017 21:18:39,100.85
Sun 28 May 2017 21:18:50,100.29
Sun 28 May 2017 21:19:01,99.95
Sun 28 May 2017 21:19:12,99.39
Sun 28 May 2017 21:19:24,98.94
Sun 28 May 2017 21:19:35,98.60
Sun 28 May 2017 21:19:46,98.25
Sun 28 May 2017 21:19:57,97.93
Sun 28 May 2017 21:20:08,97.70
Sun 28 May 2017 21:20:19,97.48
Sun 28 May 2017 21:20:30,97.25
Sun 28 May 2017 21:20:41,97.14
Sun 28 May 2017 21:20:52,97.03
Sun 28 May 2017 21:21:03,96.90
Sun 28 May 2017 21:21:14,96.80
Sun 28 May 2017 21:21:25,96.69
Sun 28 May 2017 21:21:36,96.69
Sun 28 May 2017 21:21:47,96.80
Sun 28 May 2017 21:21:58,97.03
Sun 28 May 2017 21:22:09,97.48
Sun 28 May 2017 21:22:20,98.04
Sun 28 May 2017 21:22:31,98.60
Sun 28 May 2017 21:22:42,99.15
Sun 28 May 2017 21:22:53,99.73
Sun 28 May 2017 21:23:04,100.29
Sun 28 May 2017 21:23:15,101.19
Sun 28 May 2017 21:23:26,101.98
Sun 28 May 2017 21:23:37,102.75
Sun 28 May 2017 21:23:48,103.44
Sun 28 May 2017 21:23:59,104.34
Sun 28 May 2017 21:24:10,105.00
Sun 28 May 2017 21:24:21,105.58
Sun 28 May 2017 21:24:32,106.25
Sun 28 May 2017 21:24:43,107.15
Sun 28 May 2017 21:24:55,107.60
Sun 28 May 2017 21:25:06,108.05
Sun 28 May 2017 21:25:17,108.73
Sun 28 May 2017 21:25:28,109.29
Sun 28 May 2017 21:25:39,109.74
Sun 28 May 2017 21:25:50,110.08
Sun 28 May 2017 21:26:01,110.53
Sun 28 May 2017 21:26:12,110.98
Sun 28 May 2017 21:26:23,111.54
Sun 28 May 2017 21:26:34,112.20
Sun 28 May 2017 21:26:45,112.89
Sun 28 May 2017 21:26:56,113.34
Sun 28 May 2017 21:27:07,114.00
Sun 28 May 2017 21:27:18,114.80
Sun 28 May 2017 21:27:29,115.59
Sun 28 May 2017 21:27:40,115.93
Sun 28 May 2017 21:27:51,116.60
Sun 28 May 2017 21:28:02,117.50
Sun 28 May 2017 21:28:13,117.95
Sun 28 May 2017 21:28:24,118.63
Sun 28 May 2017 21:28:35,119.19
Sun 28 May 2017 21:28:46,119.98
Sun 28 May 2017 21:28:57,120.88
Sun 28 May 2017 21:29:08,121.55
Sun 28 May 2017 21:29:19,122.23
Sun 28 May 2017 21:29:30,123.13
Sun 28 May 2017 21:29:41,124.03
Sun 28 May 2017 21:29:53,124.59
Sun 28 May 2017 21:30:04,125.04
Sun 28 May 2017 21:30:15,125.60
Sun 28 May 2017 21:30:26,127.29
Sun 28 May 2017 21:30:37,127.63
Sun 28 May 2017 21:30:48,128.19
Sun 28 May 2017 21:30:59,128.85
Sun 28 May 2017 21:31:10,129.75
Sun 28 May 2017 21:31:21,130.65
Sun 28 May 2017 21:31:32,131.34
Sun 28 May 2017 21:31:43,132.13
Sun 28 May 2017 21:31:54,133.03
Sun 28 May 2017 21:32:05,133.70
Sun 28 May 2017 21:32:16,134.49
Sun 28 May 2017 21:32:27,135.28
Sun 28 May 2017 21:32:38,136.29
Sun 28 May 2017 21:32:49,136.95
Sun 28 May 2017 21:33:00,137.75
Sun 28 May 2017 21:33:11,138.75
Sun 28 May 2017 21:33:22,139.20
Sun 28 May 2017 21:33:33,139.89
Sun 28 May 2017 21:33:44,140.68
Sun 28 May 2017 21:33:55,141.69
Sun 28 May 2017 21:34:06,142.59
Sun 28 May 2017 21:34:17,143.25
Sun 28 May 2017 21:34:28,144.15
Sun 28 May 2017 21:34:39,144.84
Sun 28 May 2017 21:34:50,145.85
Sun 28 May 2017 21:35:01,146.64
Sun 28 May 2017 21:35:12,147.54
Sun 28 May 2017 21:35:24,148.44
Sun 28 May 2017 21:35:35,149.45
Sun 28 May 2017 21:35:46,150.11
Sun 28 May 2017 21:35:57,151.46
Sun 28 May 2017 21:36:08,152.36
Sun 28 May 2017 21:36:19,153.26
Sun 28 May 2017 21:36:30,154.29
Sun 28 May 2017 21:36:41,154.95
Sun 28 May 2017 21:36:52,155.64
Sun 28 May 2017 21:37:03,156.86
Sun 28 May 2017 21:37:14,157.76
Sun 28 May 2017 21:37:25,158.79
Sun 28 May 2017 21:37:36,160.01
Sun 28 May 2017 21:37:47,160.70
Sun 28 May 2017 21:37:58,161.70
Sun 28 May 2017 21:38:09,162.50
Sun 28 May 2017 21:38:20,163.50
Sun 28 May 2017 21:38:31,164.40
Sun 28 May 2017 21:38:42,165.41
Sun 28 May 2017 21:38:53,166.10
Sun 28 May 2017 21:39:04,167.00
Sun 28 May 2017 21:39:15,168.11
Sun 28 May 2017 21:39:26,169.01
Sun 28 May 2017 21:39:37,170.04
Sun 28 May 2017 21:39:48,171.15
Sun 28 May 2017 21:39:59,172.61
Sun 28 May 2017 21:40:10,174.09
Sun 28 May 2017 21:40:21,175.44
Sun 28 May 2017 21:40:33,176.34
Sun 28 May 2017 21:40:44,176.79
Sun 28 May 2017 21:40:55,177.00
Sun 28 May 2017 21:41:06,177.11
Sun 28 May 2017 21:41:17,177.24
Sun 28 May 2017 21:41:28,177.24
Sun 28 May 2017 21:41:39,177.35
Sun 28 May 2017 21:41:50,177.45
Sun 28 May 2017 21:42:01,177.45
Sun 28 May 2017 21:42:12,177.45
Sun 28 May 2017 21:42:23,177.56
Sun 28 May 2017 21:42:34,177.56
Sun 28 May 2017 21:42:45,177.56
Sun 28 May 2017 21:42:56,177.56
Sun 28 May 2017 21:43:07,177.56
Sun 28 May 2017 21:43:18,177.69
Sun 28 May 2017 21:43:29,177.69
Sun 28 May 2017 21:43:40,177.69
Sun 28 May 2017 21:43:51,177.69
Sun 28 May 2017 21:44:02,177.69
Sun 28 May 2017 21:44:13,177.80
Sun 28 May 2017 21:44:24,177.80
Sun 28 May 2017 21:44:35,177.80
Sun 28 May 2017 21:44:46,177.80
Sun 28 May 2017 21:44:57,177.80
Sun 28 May 2017 21:45:08,177.80
Sun 28 May 2017 21:45:19,177.80
Sun 28 May 2017 21:45:30,177.90
Sun 28 May 2017 21:45:42,177.80
Sun 28 May 2017 21:45:53,177.90
Sun 28 May 2017 21:46:04,177.90
Sun 28 May 2017 21:46:15,177.90
Sun 28 May 2017 21:46:26,177.80
Sun 28 May 2017 21:46:37,177.80
Sun 28 May 2017 21:46:48,177.90
Sun 28 May 2017 21:46:59,177.90
Sun 28 May 2017 21:47:10,177.90
Sun 28 May 2017 21:47:21,177.90
Sun 28 May 2017 21:47:32,177.90
Sun 28 May 2017 21:47:43,177.90
Sun 28 May 2017 21:47:54,177.90
Sun 28 May 2017 21:48:05,177.90
Sun 28 May 2017 21:48:16,178.01
Sun 28 May 2017 21:48:27,178.01
Sun 28 May 2017 21:48:38,178.01
Sun 28 May 2017 21:48:49,178.01
Sun 28 May 2017 21:49:00,177.90
Sun 28 May 2017 21:49:11,177.90
Sun 28 May 2017 21:49:22,177.90
Sun 28 May 2017 21:49:33,178.01
Sun 28 May 2017 21:49:44,178.01
Sun 28 May 2017 21:49:55,178.01
Sun 28 May 2017 21:50:06,178.01
Sun 28 May 2017 21:50:17,178.01
Sun 28 May 2017 21:50:28,178.01
Sun 28 May 2017 21:50:40,178.01
Sun 28 May 2017 21:50:51,178.01
Sun 28 May 2017 21:51:02,178.01
Sun 28 May 2017 21:51:13,178.14
Sun 28 May 2017 21:51:24,178.14
Sun 28 May 2017 21:51:35,178.14
Sun 28 May 2017 21:51:46,178.14
Sun 28 May 2017 21:51:57,178.01
Sun 28 May 2017 21:52:08,178.14
Sun 28 May 2017 21:52:19,178.14
Sun 28 May 2017 21:52:30,178.14
Sun 28 May 2017 21:52:41,178.14
Sun 28 May 2017 21:52:52,178.14
Sun 28 May 2017 21:53:03,178.14
Sun 28 May 2017 21:53:14,178.14
Sun 28 May 2017 21:53:25,178.14
Sun 28 May 2017 21:53:36,178.25
Sun 28 May 2017 21:53:47,178.25
Sun 28 May 2017 21:53:58,178.14
Sun 28 May 2017 21:54:09,178.25
Sun 28 May 2017 21:54:20,178.25
Sun 28 May 2017 21:54:31,178.25
Sun 28 May 2017 21:54:42,178.25
Sun 28 May 2017 21:54:53,178.25
Sun 28 May 2017 21:55:04,178.25
Sun 28 May 2017 21:55:15,178.35
Sun 28 May 2017 21:55:26,178.25
Sun 28 May 2017 21:55:37,178.35
Sun 28 May 2017 21:55:49,178.35
Sun 28 May 2017 21:56:00,178.35
Sun 28 May 2017 21:56:11,178.25
Sun 28 May 2017 21:56:22,178.25
Sun 28 May 2017 21:56:33,178.35
Sun 28 May 2017 21:56:44,178.35
Sun 28 May 2017 21:56:55,178.35
Sun 28 May 2017 21:57:06,178.35
Sun 28 May 2017 21:57:17,178.35
Sun 28 May 2017 21:57:28,178.35
Sun 28 May 2017 21:57:39,178.46
Sun 28 May 2017 21:57:50,178.46
Sun 28 May 2017 21:58:01,178.46
Sun 28 May 2017 21:58:12,178.46
Sun 28 May 2017 21:58:23,178.25
Sun 28 May 2017 21:58:34,178.35
Sun 28 May 2017 21:58:45,178.35
Sun 28 May 2017 21:58:56,178.46
Sun 28 May 2017 21:59:07,178.46
Sun 28 May 2017 21:59:18,178.46
Sun 28 May 2017 21:59:29,178.46
Sun 28 May 2017 21:59:40,178.46
Sun 28 May 2017 21:59:51,178.59
Sun 28 May 2017 22:00:02,178.46
Sun 28 May 2017 22:00:13,178.46
Sun 28 May 2017 22:00:24,178.59
Sun 28 May 2017 22:00:35,178.59
Sun 28 May 2017 22:00:47,178.59
Sun 28 May 2017 22:00:58,178.59
Sun 28 May 2017 22:01:09,178.59
Sun 28 May 2017 22:01:20,178.59
Sun 28 May 2017 22:01:31,178.70
Sun 28 May 2017 22:01:42,178.70
Sun 28 May 2017 22:01:53,178.70
Sun 28 May 2017 22:02:04,178.70
Sun 28 May 2017 22:02:15,178.70
Sun 28 May 2017 22:02:26,178.59
Sun 28 May 2017 22:02:37,178.70
Sun 28 May 2017 22:02:48,178.70
Sun 28 May 2017 22:02:59,178.70
Sun 28 May 2017 22:03:10,178.70
Sun 28 May 2017 22:03:21,178.70
Sun 28 May 2017 22:03:32,178.70
Sun 28 May 2017 22:03:43,178.59
Sun 28 May 2017 22:03:54,178.59
Sun 28 May 2017 22:04:05,178.59
Sun 28 May 2017 22:04:16,178.59
Sun 28 May 2017 22:04:27,178.46
Sun 28 May 2017 22:04:38,178.59
Sun 28 May 2017 22:04:49,178.59
Sun 28 May 2017 22:05:00,178.59
Sun 28 May 2017 22:05:11,178.46
Sun 28 May 2017 22:05:23,178.59
Sun 28 May 2017 22:05:34,178.59
Sun 28 May 2017 22:05:45,178.59
Sun 28 May 2017 22:05:56,178.59
Sun 28 May 2017 22:06:07,178.59
Sun 28 May 2017 22:06:18,178.59
Sun 28 May 2017 22:06:29,178.70
Sun 28 May 2017 22:06:40,178.70
Sun 28 May 2017 22:06:51,178.70
Sun 28 May 2017 22:07:02,178.70
Sun 28 May 2017 22:07:13,178.70
Sun 28 May 2017 22:07:24,178.70
Sun 28 May 2017 22:07:35,178.70
Sun 28 May 2017 22:07:46,178.80
Sun 28 May 2017 22:07:57,178.80
Sun 28 May 2017 22:08:08,178.70
Sun 28 May 2017 22:08:19,178.70
Sun 28 May 2017 22:08:30,178.80
Sun 28 May 2017 22:08:41,178.91
Sun 28 May 2017 22:08:52,178.80
Sun 28 May 2017 22:09:03,178.91
Sun 28 May 2017 22:09:14,178.80
Sun 28 May 2017 22:09:25,178.01
Sun 28 May 2017 22:09:36,178.35
Sun 28 May 2017 22:09:47,178.59
Sun 28 May 2017 22:09:58,178.70
Sun 28 May 2017 22:10:10,178.59
Sun 28 May 2017 22:10:21,178.70
Sun 28 May 2017 22:10:32,178.80
Sun 28 May 2017 22:10:43,178.91
Sun 28 May 2017 22:10:54,178.91
Sun 28 May 2017 22:11:05,179.04
Sun 28 May 2017 22:11:16,179.04
Sun 28 May 2017 22:11:27,179.15
Sun 28 May 2017 22:11:38,179.15
Sun 28 May 2017 22:11:49,178.46
Sun 28 May 2017 22:12:00,178.25
Sun 28 May 2017 22:12:11,178.70
Sun 28 May 2017 22:12:22,178.91
Sun 28 May 2017 22:12:33,179.15
Sun 28 May 2017 22:12:44,179.25
Sun 28 May 2017 22:12:55,179.25
Sun 28 May 2017 22:13:06,179.15
Sun 28 May 2017 22:13:17,179.04
Sun 28 May 2017 22:13:28,179.15
Sun 28 May 2017 22:13:39,179.25
Sun 28 May 2017 22:13:50,179.36
Sun 28 May 2017 22:14:01,179.25
Sun 28 May 2017 22:14:12,179.36
Sun 28 May 2017 22:14:23,179.36
Sun 28 May 2017 22:14:34,179.36
Sun 28 May 2017 22:14:45,179.49
Sun 28 May 2017 22:14:56,179.49
Sun 28 May 2017 22:15:08,179.49
Sun 28 May 2017 22:15:19,179.60
Sun 28 May 2017 22:15:30,179.60
Sun 28 May 2017 22:15:41,179.25
Sun 28 May 2017 22:15:52,179.25
Sun 28 May 2017 22:16:03,179.49
Sun 28 May 2017 22:16:14,179.49
Sun 28 May 2017 22:16:25,179.60
Sun 28 May 2017 22:16:36,179.60
Sun 28 May 2017 22:16:47,179.49
Sun 28 May 2017 22:16:58,179.60
Sun 28 May 2017 22:17:09,179.60
Sun 28 May 2017 22:17:20,179.70
Sun 28 May 2017 22:17:31,179.70
Sun 28 May 2017 22:17:42,179.81
Sun 28 May 2017 22:17:53,179.70
Sun 28 May 2017 22:18:04,179.81
Sun 28 May 2017 22:18:15,179.81
Sun 28 May 2017 22:18:26,179.81
Sun 28 May 2017 22:18:37,179.94
Sun 28 May 2017 22:18:48,179.04
Sun 28 May 2017 22:18:59,178.35
Sun 28 May 2017 22:19:10,179.15
Sun 28 May 2017 22:19:21,179.60
Sun 28 May 2017 22:19:32,179.81
Sun 28 May 2017 22:19:43,179.94
Sun 28 May 2017 22:19:54,180.05
Sun 28 May 2017 22:20:05,180.05
Sun 28 May 2017 22:20:16,180.15
Sun 28 May 2017 22:20:27,180.15
Sun 28 May 2017 22:20:38,180.26
Sun 28 May 2017 22:20:50,180.26
Sun 28 May 2017 22:21:01,179.36
Sun 28 May 2017 22:21:12,179.36
Sun 28 May 2017 22:21:23,179.81
Sun 28 May 2017 22:21:34,179.94
Sun 28 May 2017 22:21:45,180.15
Sun 28 May 2017 22:21:56,180.26
Sun 28 May 2017 22:22:07,180.39
Sun 28 May 2017 22:22:18,180.39
Sun 28 May 2017 22:22:29,180.39
Sun 28 May 2017 22:22:40,180.50
Sun 28 May 2017 22:22:51,180.50
Sun 28 May 2017 22:23:02,180.50
Sun 28 May 2017 22:23:13,180.26
Sun 28 May 2017 22:23:24,179.15
Sun 28 May 2017 22:23:35,179.49
Sun 28 May 2017 22:23:46,180.05
Sun 28 May 2017 22:23:57,180.26
Sun 28 May 2017 22:24:08,180.50
Sun 28 May 2017 22:24:19,180.60
Sun 28 May 2017 22:24:30,180.60
Sun 28 May 2017 22:24:41,180.60
Sun 28 May 2017 22:24:52,180.71
Sun 28 May 2017 22:25:03,180.84
Sun 28 May 2017 22:25:14,180.84
Sun 28 May 2017 22:25:25,180.84
Sun 28 May 2017 22:25:36,180.95
Sun 28 May 2017 22:25:48,180.15
Sun 28 May 2017 22:25:59,179.49
Sun 28 May 2017 22:26:10,180.15
Sun 28 May 2017 22:26:21,180.60
Sun 28 May 2017 22:26:32,180.71
Sun 28 May 2017 22:26:43,180.84
Sun 28 May 2017 22:26:54,180.95
Sun 28 May 2017 22:27:05,181.05
Sun 28 May 2017 22:27:16,181.05
Sun 28 May 2017 22:27:27,181.05
Sun 28 May 2017 22:27:38,181.05
Sun 28 May 2017 22:27:49,181.16
Sun 28 May 2017 22:28:00,179.94
Sun 28 May 2017 22:28:11,179.94
Sun 28 May 2017 22:28:22,180.50
Sun 28 May 2017 22:28:33,180.84
Sun 28 May 2017 22:28:44,181.05
Sun 28 May 2017 22:28:55,181.16
Sun 28 May 2017 22:29:06,181.29
Sun 28 May 2017 22:29:17,181.29
Sun 28 May 2017 22:29:28,181.40
Sun 28 May 2017 22:29:39,181.40
Sun 28 May 2017 22:29:50,181.50
Sun 28 May 2017 22:30:01,180.26
Sun 28 May 2017 22:30:12,180.71
Sun 28 May 2017 22:30:23,181.05
Sun 28 May 2017 22:30:34,181.29
Sun 28 May 2017 22:30:46,181.40
Sun 28 May 2017 22:30:57,181.50
Sun 28 May 2017 22:31:08,181.61
Sun 28 May 2017 22:31:19,181.61
Sun 28 May 2017 22:31:30,181.61
Sun 28 May 2017 22:31:41,181.74
Sun 28 May 2017 22:31:52,181.74
Sun 28 May 2017 22:32:03,181.29
Sun 28 May 2017 22:32:14,180.39
Sun 28 May 2017 22:32:25,181.05
Sun 28 May 2017 22:32:36,181.40
Sun 28 May 2017 22:32:47,181.61
Sun 28 May 2017 22:32:58,181.74
Sun 28 May 2017 22:33:09,181.85
Sun 28 May 2017 22:33:20,181.95
Sun 28 May 2017 22:33:31,181.95
Sun 28 May 2017 22:33:42,182.06
Sun 28 May 2017 22:33:53,182.06
Sun 28 May 2017 22:34:04,181.95
Sun 28 May 2017 22:34:15,180.84
Sun 28 May 2017 22:34:26,181.40
Sun 28 May 2017 22:34:37,181.74
Sun 28 May 2017 22:34:48,181.95
Sun 28 May 2017 22:34:59,182.06
Sun 28 May 2017 22:35:10,182.19
Sun 28 May 2017 22:35:21,182.30
Sun 28 May 2017 22:35:33,182.40
Sun 28 May 2017 22:35:44,182.40
Sun 28 May 2017 22:35:55,182.40
Sun 28 May 2017 22:36:06,182.51
Sun 28 May 2017 22:36:17,181.40
Sun 28 May 2017 22:36:28,181.85
Sun 28 May 2017 22:36:39,182.06
Sun 28 May 2017 22:36:50,182.19
Sun 28 May 2017 22:37:01,182.40
Sun 28 May 2017 22:37:12,182.51
Sun 28 May 2017 22:37:23,182.64
Sun 28 May 2017 22:37:34,182.64
Sun 28 May 2017 22:37:45,182.75
Sun 28 May 2017 22:37:56,182.85
Sun 28 May 2017 22:38:07,182.85
Sun 28 May 2017 22:38:18,182.96
Sun 28 May 2017 22:38:29,182.96
Sun 28 May 2017 22:38:40,180.84
Sun 28 May 2017 22:38:51,181.05
Sun 28 May 2017 22:39:02,181.95
Sun 28 May 2017 22:39:13,182.40
Sun 28 May 2017 22:39:24,182.75
Sun 28 May 2017 22:39:35,182.85
Sun 28 May 2017 22:39:46,182.96
Sun 28 May 2017 22:39:57,183.09
Sun 28 May 2017 22:40:08,183.20
Sun 28 May 2017 22:40:19,183.30
Sun 28 May 2017 22:40:30,183.30
Sun 28 May 2017 22:40:41,182.96
Sun 28 May 2017 22:40:52,182.85
Sun 28 May 2017 22:41:04,183.09
Sun 28 May 2017 22:41:15,183.20
Sun 28 May 2017 22:41:26,183.30
Sun 28 May 2017 22:41:37,183.41
Sun 28 May 2017 22:41:48,183.41
Sun 28 May 2017 22:41:59,183.41
Sun 28 May 2017 22:42:10,183.54
Sun 28 May 2017 22:42:21,183.65
Sun 28 May 2017 22:42:32,183.65
Sun 28 May 2017 22:42:43,183.30
Sun 28 May 2017 22:42:54,183.30
Sun 28 May 2017 22:43:05,183.41
Sun 28 May 2017 22:43:16,183.65
Sun 28 May 2017 22:43:27,183.86
Sun 28 May 2017 22:43:38,183.86
Sun 28 May 2017 22:43:49,183.99
Sun 28 May 2017 22:44:00,184.10
Sun 28 May 2017 22:44:11,184.20
Sun 28 May 2017 22:44:22,184.31
Sun 28 May 2017 22:44:33,184.44
Sun 28 May 2017 22:44:44,184.44
Sun 28 May 2017 22:44:55,184.55
Sun 28 May 2017 22:45:06,184.55
Sun 28 May 2017 22:45:17,184.65
Sun 28 May 2017 22:45:28,184.65
Sun 28 May 2017 22:45:39,184.76
Sun 28 May 2017 22:45:50,184.76
Sun 28 May 2017 22:46:01,184.89
Sun 28 May 2017 22:46:12,185.00
Sun 28 May 2017 22:46:23,185.10
Sun 28 May 2017 22:46:35,185.10
Sun 28 May 2017 22:46:46,185.21
Sun 28 May 2017 22:46:57,185.21
Sun 28 May 2017 22:47:08,185.34
Sun 28 May 2017 22:47:19,184.76
Sun 28 May 2017 22:47:30,182.40
Sun 28 May 2017 22:47:41,183.86
Sun 28 May 2017 22:47:52,184.65
Sun 28 May 2017 22:48:03,185.10
Sun 28 May 2017 22:48:14,185.34
Sun 28 May 2017 22:48:25,185.55
Sun 28 May 2017 22:48:36,185.79
Sun 28 May 2017 22:48:47,185.79
Sun 28 May 2017 22:48:58,185.90
Sun 28 May 2017 22:49:09,186.00
Sun 28 May 2017 22:49:20,186.11
Sun 28 May 2017 22:49:31,186.24
Sun 28 May 2017 22:49:42,186.35
Sun 28 May 2017 22:49:53,186.35
Sun 28 May 2017 22:50:04,186.45
Sun 28 May 2017 22:50:15,186.56
Sun 28 May 2017 22:50:26,186.69
Sun 28 May 2017 22:50:37,186.80
Sun 28 May 2017 22:50:48,186.90
Sun 28 May 2017 22:50:59,186.90
Sun 28 May 2017 22:51:10,186.90
Sun 28 May 2017 22:51:21,187.14
Sun 28 May 2017 22:51:32,187.25
Sun 28 May 2017 22:51:44,187.25
Sun 28 May 2017 22:51:55,187.35
Sun 28 May 2017 22:52:06,187.46
Sun 28 May 2017 22:52:17,187.59
Sun 28 May 2017 22:52:28,187.70
Sun 28 May 2017 22:52:39,187.80
Sun 28 May 2017 22:52:50,187.80
Sun 28 May 2017 22:53:01,187.91
Sun 28 May 2017 22:53:12,188.04
Sun 28 May 2017 22:53:23,188.04
Sun 28 May 2017 22:53:34,188.15
Sun 28 May 2017 22:53:45,188.36
Sun 28 May 2017 22:53:56,188.49
Sun 28 May 2017 22:54:07,188.60
Sun 28 May 2017 22:54:18,188.60
Sun 28 May 2017 22:54:29,188.70
Sun 28 May 2017 22:54:40,188.81
Sun 28 May 2017 22:54:51,188.94
Sun 28 May 2017 22:55:02,189.05
Sun 28 May 2017 22:55:13,189.15
Sun 28 May 2017 22:55:24,189.26
Sun 28 May 2017 22:55:35,189.39
Sun 28 May 2017 22:55:46,189.50
Sun 28 May 2017 22:55:57,189.60
Sun 28 May 2017 22:56:08,189.71
Sun 28 May 2017 22:56:19,189.84
Sun 28 May 2017 22:56:31,189.95
Sun 28 May 2017 22:56:42,189.95
Sun 28 May 2017 22:56:53,190.05
Sun 28 May 2017 22:57:04,190.16
Sun 28 May 2017 22:57:15,190.40
Sun 28 May 2017 22:57:26,190.50
Sun 28 May 2017 22:57:37,190.61
Sun 28 May 2017 22:57:48,190.74
Sun 28 May 2017 22:57:59,189.26
Sun 28 May 2017 22:58:10,190.05
Sun 28 May 2017 22:58:21,190.50
Sun 28 May 2017 22:58:32,190.85
Sun 28 May 2017 22:58:43,190.95
Sun 28 May 2017 22:58:54,191.19
Sun 28 May 2017 22:59:05,191.40
Sun 28 May 2017 22:59:16,191.51
Sun 28 May 2017 22:59:27,191.75
Sun 28 May 2017 22:59:38,191.85
Sun 28 May 2017 22:59:49,191.96
Sun 28 May 2017 23:00:00,192.09
Sun 28 May 2017 23:00:11,192.09
Sun 28 May 2017 23:00:22,192.30
Sun 28 May 2017 23:00:33,192.41
Sun 28 May 2017 23:00:44,192.54
Sun 28 May 2017 23:00:55,192.75
Sun 28 May 2017 23:01:06,192.86
Sun 28 May 2017 23:01:17,193.10
Sun 28 May 2017 23:01:28,193.20
Sun 28 May 2017 23:01:40,193.31
Sun 28 May 2017 23:01:51,193.44
Sun 28 May 2017 23:02:02,193.55
Sun 28 May 2017 23:02:13,193.76
Sun 28 May 2017 23:02:24,193.76
Sun 28 May 2017 23:02:35,194.00
Sun 28 May 2017 23:02:46,194.00
Sun 28 May 2017 23:02:57,194.21
Sun 28 May 2017 23:03:08,194.34
Sun 28 May 2017 23:03:19,194.66
Sun 28 May 2017 23:03:30,194.90
Sun 28 May 2017 23:03:41,194.79
Sun 28 May 2017 23:03:52,195.00
Sun 28 May 2017 23:04:03,195.11
Sun 28 May 2017 23:04:14,195.35
Sun 28 May 2017 23:04:25,195.56
Sun 28 May 2017 23:04:36,195.56
Sun 28 May 2017 23:04:47,195.45
Sun 28 May 2017 23:04:58,195.80
Sun 28 May 2017 23:05:09,196.01
Sun 28 May 2017 23:05:20,196.14
Sun 28 May 2017 23:05:31,196.46
Sun 28 May 2017 23:05:42,196.59
Sun 28 May 2017 23:05:53,196.80
Sun 28 May 2017 23:06:04,196.91
Sun 28 May 2017 23:06:15,196.91
Sun 28 May 2017 23:06:26,197.15
Sun 28 May 2017 23:06:37,197.25
Sun 28 May 2017 23:06:48,197.36
Sun 28 May 2017 23:06:59,197.49
Sun 28 May 2017 23:07:11,197.70
Sun 28 May 2017 23:07:22,197.81
Sun 28 May 2017 23:07:33,198.05
Sun 28 May 2017 23:07:44,198.15
Sun 28 May 2017 23:07:55,198.39
Sun 28 May 2017 23:08:06,198.60
Sun 28 May 2017 23:08:17,198.50
Sun 28 May 2017 23:08:28,198.71
Sun 28 May 2017 23:08:39,198.84
Sun 28 May 2017 23:08:50,199.05
Sun 28 May 2017 23:09:01,199.29
Sun 28 May 2017 23:09:12,199.40
Sun 28 May 2017 23:09:23,199.61
Sun 28 May 2017 23:09:34,199.85
Sun 28 May 2017 23:09:45,199.95
Sun 28 May 2017 23:09:56,200.19
Sun 28 May 2017 23:10:07,200.30
Sun 28 May 2017 23:10:18,200.40
Sun 28 May 2017 23:10:29,200.51
Sun 28 May 2017 23:10:40,200.64
Sun 28 May 2017 23:10:51,200.85
Sun 28 May 2017 23:11:02,200.96
Sun 28 May 2017 23:11:13,201.09
Sun 28 May 2017 23:11:24,201.30
Sun 28 May 2017 23:11:35,201.30
Sun 28 May 2017 23:11:46,201.41
Sun 28 May 2017 23:11:57,201.75
Sun 28 May 2017 23:12:09,201.86
Sun 28 May 2017 23:12:20,201.99
Sun 28 May 2017 23:12:31,202.10
Sun 28 May 2017 23:12:42,202.20
Sun 28 May 2017 23:12:53,202.44
Sun 28 May 2017 23:13:04,202.55
Sun 28 May 2017 23:13:15,202.65
Sun 28 May 2017 23:13:26,202.89
Sun 28 May 2017 23:13:37,203.00
Sun 28 May 2017 23:13:48,203.10
Sun 28 May 2017 23:13:59,203.34
Sun 28 May 2017 23:14:10,203.45
Sun 28 May 2017 23:14:21,203.45
Sun 28 May 2017 23:14:32,203.66
Sun 28 May 2017 23:14:43,203.79
Sun 28 May 2017 23:14:54,204.00
Sun 28 May 2017 23:15:05,204.00
Sun 28 May 2017 23:15:16,204.11
Sun 28 May 2017 23:15:27,204.35
Sun 28 May 2017 23:15:38,204.56
Sun 28 May 2017 23:15:49,204.69
Sun 28 May 2017 23:16:00,204.80
Sun 28 May 2017 23:16:11,204.80
Sun 28 May 2017 23:16:22,204.90
Sun 28 May 2017 23:16:33,205.14
Sun 28 May 2017 23:16:44,205.14
Sun 28 May 2017 23:16:55,205.25
Sun 28 May 2017 23:17:06,205.35
Sun 28 May 2017 23:17:17,205.46
Sun 28 May 2017 23:17:28,205.70
Sun 28 May 2017 23:17:39,205.70
Sun 28 May 2017 23:17:51,205.80
Sun 28 May 2017 23:18:02,205.91
Sun 28 May 2017 23:18:13,206.15
Sun 28 May 2017 23:18:24,206.25
Sun 28 May 2017 23:18:35,206.25
Sun 28 May 2017 23:18:46,206.36
Sun 28 May 2017 23:18:57,206.49
Sun 28 May 2017 23:19:08,206.60
Sun 28 May 2017 23:19:19,206.70
Sun 28 May 2017 23:19:30,206.81
Sun 28 May 2017 23:19:41,206.94
Sun 28 May 2017 23:19:52,207.05
Sun 28 May 2017 23:20:03,207.05
Sun 28 May 2017 23:20:14,207.15
Sun 28 May 2017 23:20:25,207.15
Sun 28 May 2017 23:20:36,207.26
Sun 28 May 2017 23:20:47,207.26
Sun 28 May 2017 23:20:58,207.39
Sun 28 May 2017 23:21:09,207.39
Sun 28 May 2017 23:21:20,207.26
Sun 28 May 2017 23:21:31,207.26
Sun 28 May 2017 23:21:42,207.15
Sun 28 May 2017 23:21:53,189.05
Sun 28 May 2017 23:22:04,178.25
Sun 28 May 2017 23:22:15,175.10
Sun 28 May 2017 23:22:26,171.50
Sun 28 May 2017 23:22:37,167.79
Sun 28 May 2017 23:22:49,163.40
Sun 28 May 2017 23:23:00,160.01
Sun 28 May 2017 23:23:11,156.86
Sun 28 May 2017 23:23:22,153.95
Sun 28 May 2017 23:23:33,151.46
Sun 28 May 2017 23:23:44,147.99
Sun 28 May 2017 23:23:55,145.40
Sun 28 May 2017 23:24:06,142.35
Sun 28 May 2017 23:24:17,140.68
Sun 28 May 2017 23:24:28,138.30
Sun 28 May 2017 23:24:39,136.63
